<?xml version="1.0" encoding="UTF-8"?>
<testsuites name="C2C_TS1" time="115.152" tests="4" failures="0" errors="0">
   <testsuite name="C2C_TS1" tests="4" failures="0" errors="0" time="115.152" skipped="0" timestamp="2023-05-18 07:40:43" hostname="ThalluruSaiteja - DESKTOP-F8C937H" id="Test Suites/C2C_TS1">
      <properties>
         <property name="deviceName" value=""/>
         <property name="devicePlatform" value=""/>
         <property name="logFolder" value="C:\\Users\\ThalluruSaiteja\\Katalon Studio\\Connect2Clinic\\Reports\\20230518_074040\\C2C_TS1\\20230518_074040"/>
         <property name="logFiles" value="C:\\Users\\ThalluruSaiteja\\Katalon Studio\\Connect2Clinic\\Reports\\20230518_074040\\C2C_TS1\\20230518_074040\\execution0.log"/>
         <property name="attachments" value=""/>
         <property name="hostName" value="ThalluruSaiteja - DESKTOP-F8C937H"/>
         <property name="os" value="Windows 10 64bit"/>
         <property name="katalonVersion" value="8.5.5.208"/>
         <property name="browser" value="Chrome 113.0.0.0"/>
         <property name="hostAddress" value="192.168.1.4"/>
         <property name="sessionId" value="6308a714b07bf039690e882e55910314"/>
         <property name="seleniumVersion" value="3.141.59"/>
         <property name="proxyInformation" value="ProxyInformation { proxyOption=NO_PROXY, proxyServerType=HTTP, username=, password=********, proxyServerAddress=, proxyServerPort=0, executionList=&quot;&quot;, isApplyToDesiredCapabilities=true }"/>
         <property name="platform" value="Windows 10"/>
      </properties>
      <testcase name="Test Cases/Book Appointment - Demo" time="35.556" classname="Test Cases/Book Appointment - Demo" status="PASSED">
         <system-out><![CDATA[2023-05-18 07:40:43 - [TEST_CASE][PASSED] - Test Cases/Book Appointment - Demo: Test Cases/Book Appointment - Demo

2023-05-18 07:40:44 - [TEST_STEP][PASSED] - openBrowser(""): Browser is opened with url: ''

2023-05-18 07:40:44 - [MESSAGE][INFO] - Starting 'Chrome' driver

2023-05-18 07:40:44 - [MESSAGE][INFO] - Action delay is set to 0 milliseconds

2023-05-18 07:40:47 - [MESSAGE][PASSED] - Browser is opened with url: ''

2023-05-18 07:40:47 - [TEST_STEP][PASSED] - maximizeWindow(): Current window maximized

2023-05-18 07:40:47 - [MESSAGE][PASSED] - Current window maximized

2023-05-18 07:40:47 - [TEST_STEP][PASSED] - navigateToUrl("https://qa.c2cassets.com/doctor/login"): Navigate to 'https://qa.c2cassets.com/doctor/login' successfully

2023-05-18 07:40:52 - [MESSAGE][PASSED] - Navigate to 'https://qa.c2cassets.com/doctor/login' successfully

2023-05-18 07:40:52 - [TEST_STEP][PASSED] - setText(findTestObject("Object Repository/Page_Connect2Clinic/input_Login to Virtual Clinic_OTP-input"), "8072536860"): Text '8072536860' is set on object 'Object Repository/Page_Connect2Clinic/input_Login to Virtual Clinic_OTP-input'

2023-05-18 07:40:53 - [MESSAGE][PASSED] - Text '8072536860' is set on object 'Object Repository/Page_Connect2Clinic/input_Login to Virtual Clinic_OTP-input'

2023-05-18 07:40:53 - [TEST_STEP][PASSED] - click(findTestObject("Object Repository/Page_Connect2Clinic/button_Continue")): Object: 'Object Repository/Page_Connect2Clinic/button_Continue' is clicked on

2023-05-18 07:40:54 - [MESSAGE][PASSED] - Object: 'Object Repository/Page_Connect2Clinic/button_Continue' is clicked on

2023-05-18 07:40:54 - [TEST_STEP][PASSED] - setEncryptedText(findTestObject("Object Repository/Page_Connect2Clinic/input_Edit_password-input"), "aeHFOx8jV/A="): Text ****** has been set on object 'Object Repository/Page_Connect2Clinic/input_Edit_password-input'

2023-05-18 07:40:55 - [MESSAGE][PASSED] - Text ****** has been set on object 'Object Repository/Page_Connect2Clinic/input_Edit_password-input'

2023-05-18 07:40:55 - [TEST_STEP][PASSED] - click(findTestObject("Object Repository/Page_Connect2Clinic/button_Login")): Object: 'Object Repository/Page_Connect2Clinic/button_Login' is clicked on

2023-05-18 07:40:56 - [MESSAGE][PASSED] - Object: 'Object Repository/Page_Connect2Clinic/button_Login' is clicked on

2023-05-18 07:40:56 - [TEST_STEP][PASSED] - click(findTestObject("Object Repository/Page_Connect2Clinic/button_No")): Object: 'Object Repository/Page_Connect2Clinic/button_No' is clicked on

2023-05-18 07:40:59 - [MESSAGE][PASSED] - Object: 'Object Repository/Page_Connect2Clinic/button_No' is clicked on

2023-05-18 07:40:59 - [TEST_STEP][PASSED] - click(findTestObject("Object Repository/Page_Connect2Clinic/button_Book Appointment")): Object: 'Object Repository/Page_Connect2Clinic/button_Book Appointment' is clicked on

2023-05-18 07:41:00 - [MESSAGE][PASSED] - Object: 'Object Repository/Page_Connect2Clinic/button_Book Appointment' is clicked on

2023-05-18 07:41:00 - [TEST_STEP][PASSED] - click(findTestObject("Object Repository/Page_Connect2Clinic/p_In-Clinic Consultation")): Object: 'Object Repository/Page_Connect2Clinic/p_In-Clinic Consultation' is clicked on

2023-05-18 07:41:01 - [MESSAGE][PASSED] - Object: 'Object Repository/Page_Connect2Clinic/p_In-Clinic Consultation' is clicked on

2023-05-18 07:41:01 - [TEST_STEP][PASSED] - click(findTestObject("Book _buttons/Page_Connect2Clinic/button_0727 AM-0730 AM")): Object: 'Object Repository/Book _buttons/Page_Connect2Clinic/button_0727 AM-0730 AM' is clicked on

2023-05-18 07:41:03 - [MESSAGE][PASSED] - Object: 'Object Repository/Book _buttons/Page_Connect2Clinic/button_0727 AM-0730 AM' is clicked on

2023-05-18 07:41:03 - [TEST_STEP][PASSED] - delay(2): Delayed 2 second(s)

2023-05-18 07:41:05 - [MESSAGE][PASSED] - Delayed 2 second(s)

2023-05-18 07:41:05 - [TEST_STEP][PASSED] - click(findTestObject("Book _buttons/Page_Connect2Clinic/button_Save  Continue")): Object: 'Object Repository/Book _buttons/Page_Connect2Clinic/button_Save  Continue' is clicked on

2023-05-18 07:41:05 - [MESSAGE][PASSED] - Object: 'Object Repository/Book _buttons/Page_Connect2Clinic/button_Save  Continue' is clicked on

2023-05-18 07:41:05 - [TEST_STEP][PASSED] - setText(findTestObject("Object Repository/Page_Connect2Clinic/input_Mobile Number_patient_no"), "8919396555"): Text '8919396555' is set on object 'Object Repository/Page_Connect2Clinic/input_Mobile Number_patient_no'

2023-05-18 07:41:07 - [MESSAGE][PASSED] - Text '8919396555' is set on object 'Object Repository/Page_Connect2Clinic/input_Mobile Number_patient_no'

2023-05-18 07:41:07 - [TEST_STEP][PASSED] - delay(1): Delayed 1 second(s)

2023-05-18 07:41:08 - [MESSAGE][PASSED] - Delayed 1 second(s)

2023-05-18 07:41:08 - [TEST_STEP][PASSED] - click(findTestObject("Object Repository/Page_Connect2Clinic/h5_Sai")): Object: 'Object Repository/Page_Connect2Clinic/h5_Sai' is clicked on

2023-05-18 07:41:08 - [MESSAGE][PASSED] - Object: 'Object Repository/Page_Connect2Clinic/h5_Sai' is clicked on

2023-05-18 07:41:08 - [TEST_STEP][PASSED] - scrollToPosition(9999999, 9999999): Browser is scrolled to position x = 9999999, y = 9999999

2023-05-18 07:41:08 - [MESSAGE][PASSED] - Browser is scrolled to position x = 9999999, y = 9999999

2023-05-18 07:41:08 - [TEST_STEP][PASSED] - click(findTestObject("Object Repository/test/Page_Connect2Clinic/div_Save  Continue")): Object: 'Object Repository/test/Page_Connect2Clinic/div_Save  Continue' is clicked on

2023-05-18 07:41:09 - [MESSAGE][PASSED] - Object: 'Object Repository/test/Page_Connect2Clinic/div_Save  Continue' is clicked on

2023-05-18 07:41:09 - [TEST_STEP][PASSED] - click(findTestObject("Object Repository/Page_Connect2Clinic/button_Pay at Clinic")): Object: 'Object Repository/Page_Connect2Clinic/button_Pay at Clinic' is clicked on

2023-05-18 07:41:11 - [MESSAGE][PASSED] - Object: 'Object Repository/Page_Connect2Clinic/button_Pay at Clinic' is clicked on

2023-05-18 07:41:11 - [TEST_STEP][PASSED] - click(findTestObject("Object Repository/Page_Connect2Clinic/button_Proceed")): Object: 'Object Repository/Page_Connect2Clinic/button_Proceed' is clicked on

2023-05-18 07:41:12 - [MESSAGE][PASSED] - Object: 'Object Repository/Page_Connect2Clinic/button_Proceed' is clicked on

2023-05-18 07:41:12 - [TEST_STEP][PASSED] - delay(2): Delayed 2 second(s)

2023-05-18 07:41:14 - [MESSAGE][PASSED] - Delayed 2 second(s)

2023-05-18 07:41:14 - [TEST_STEP][PASSED] - click(findTestObject("Object Repository/Test6 book appointment close button/Page_Connect2Clinic/img_In-Clinic Consultation_close-img")): Object: 'Object Repository/Test6 book appointment close button/Page_Connect2Clinic/img_In-Clinic Consultation_close-img' is clicked on

2023-05-18 07:41:18 - [MESSAGE][PASSED] - Object: 'Object Repository/Test6 book appointment close button/Page_Connect2Clinic/img_In-Clinic Consultation_close-img' is clicked on

2023-05-18 07:41:18 - [TEST_STEP][PASSED] - closeBrowser(): Browser is closed

2023-05-18 07:41:19 - [MESSAGE][PASSED] - Browser is closed

2023-05-18 07:41:19 - [TEST_STEP][PASSED] - closeBrowser(): Browser is closed

2023-05-18 07:41:19 - [MESSAGE][PASSED] - Browser is closed]]></system-out>
         <system-err><![CDATA[]]></system-err>
      </testcase>
      <testcase name="Test Cases/Cancel Appointment - Demo" time="32.784" classname="Test Cases/Cancel Appointment - Demo" status="PASSED">
         <system-out><![CDATA[2023-05-18 07:41:19 - [TEST_CASE][PASSED] - Test Cases/Cancel Appointment - Demo: Test Cases/Cancel Appointment - Demo

2023-05-18 07:41:19 - [TEST_STEP][PASSED] - openBrowser(""): Browser is opened with url: ''

2023-05-18 07:41:19 - [MESSAGE][INFO] - Starting 'Chrome' driver

2023-05-18 07:41:19 - [MESSAGE][INFO] - Action delay is set to 0 milliseconds

2023-05-18 07:41:20 - [MESSAGE][PASSED] - Browser is opened with url: ''

2023-05-18 07:41:20 - [TEST_STEP][PASSED] - maximizeWindow(): Current window maximized

2023-05-18 07:41:21 - [MESSAGE][PASSED] - Current window maximized

2023-05-18 07:41:21 - [TEST_STEP][PASSED] - navigateToUrl("https://qa.c2cassets.com/doctor/login"): Navigate to 'https://qa.c2cassets.com/doctor/login' successfully

2023-05-18 07:41:25 - [MESSAGE][PASSED] - Navigate to 'https://qa.c2cassets.com/doctor/login' successfully

2023-05-18 07:41:25 - [TEST_STEP][PASSED] - click(findTestObject("Object Repository/Page_Connect2Clinic/input_Login to Virtual Clinic_OTP-input")): Object: 'Object Repository/Page_Connect2Clinic/input_Login to Virtual Clinic_OTP-input' is clicked on

2023-05-18 07:41:26 - [MESSAGE][PASSED] - Object: 'Object Repository/Page_Connect2Clinic/input_Login to Virtual Clinic_OTP-input' is clicked on

2023-05-18 07:41:26 - [TEST_STEP][PASSED] - setText(findTestObject("Object Repository/Page_Connect2Clinic/input_Login to Virtual Clinic_OTP-input"), "8072536860"): Text '8072536860' is set on object 'Object Repository/Page_Connect2Clinic/input_Login to Virtual Clinic_OTP-input'

2023-05-18 07:41:27 - [MESSAGE][PASSED] - Text '8072536860' is set on object 'Object Repository/Page_Connect2Clinic/input_Login to Virtual Clinic_OTP-input'

2023-05-18 07:41:27 - [TEST_STEP][PASSED] - click(findTestObject("Object Repository/Page_Connect2Clinic/button_Continue")): Object: 'Object Repository/Page_Connect2Clinic/button_Continue' is clicked on

2023-05-18 07:41:27 - [MESSAGE][PASSED] - Object: 'Object Repository/Page_Connect2Clinic/button_Continue' is clicked on

2023-05-18 07:41:27 - [TEST_STEP][PASSED] - setEncryptedText(findTestObject("Object Repository/Page_Connect2Clinic/input_Edit_password-input"), "aeHFOx8jV/A="): Text ****** has been set on object 'Object Repository/Page_Connect2Clinic/input_Edit_password-input'

2023-05-18 07:41:29 - [MESSAGE][PASSED] - Text ****** has been set on object 'Object Repository/Page_Connect2Clinic/input_Edit_password-input'

2023-05-18 07:41:29 - [TEST_STEP][PASSED] - click(findTestObject("Object Repository/Page_Connect2Clinic/button_Login")): Object: 'Object Repository/Page_Connect2Clinic/button_Login' is clicked on

2023-05-18 07:41:29 - [MESSAGE][PASSED] - Object: 'Object Repository/Page_Connect2Clinic/button_Login' is clicked on

2023-05-18 07:41:29 - [TEST_STEP][PASSED] - click(findTestObject("Object Repository/Page_Connect2Clinic/button_No")): Object: 'Object Repository/Page_Connect2Clinic/button_No' is clicked on

2023-05-18 07:41:33 - [MESSAGE][PASSED] - Object: 'Object Repository/Page_Connect2Clinic/button_No' is clicked on

2023-05-18 07:41:33 - [TEST_STEP][PASSED] - click(findTestObject("Object Repository/Page_Connect2Clinic/div_9")): Object: 'Object Repository/Page_Connect2Clinic/div_9' is clicked on

2023-05-18 07:41:34 - [MESSAGE][PASSED] - Object: 'Object Repository/Page_Connect2Clinic/div_9' is clicked on

2023-05-18 07:41:34 - [TEST_STEP][PASSED] - click(findTestObject("Object Repository/Page_Connect2Clinic/svg_May 17, 2023_MuiSvgIcon-root")): Object: 'Object Repository/Page_Connect2Clinic/svg_May 17, 2023_MuiSvgIcon-root' is clicked on

2023-05-18 07:41:35 - [MESSAGE][PASSED] - Object: 'Object Repository/Page_Connect2Clinic/svg_May 17, 2023_MuiSvgIcon-root' is clicked on

2023-05-18 07:41:35 - [TEST_STEP][PASSED] - click(findTestObject("Object Repository/Page_Connect2Clinic/div_Cancel")): Object: 'Object Repository/Page_Connect2Clinic/div_Cancel' is clicked on

2023-05-18 07:41:35 - [MESSAGE][PASSED] - Object: 'Object Repository/Page_Connect2Clinic/div_Cancel' is clicked on

2023-05-18 07:41:35 - [TEST_STEP][PASSED] - click(findTestObject("Object Repository/Page_Connect2Clinic/div_Cancellation Reason")): Object: 'Object Repository/Page_Connect2Clinic/div_Cancellation Reason' is clicked on

2023-05-18 07:41:39 - [MESSAGE][PASSED] - Object: 'Object Repository/Page_Connect2Clinic/div_Cancellation Reason' is clicked on

2023-05-18 07:41:39 - [TEST_STEP][PASSED] - click(findTestObject("Object Repository/Page_Connect2Clinic/div_Patient requested to Reschedule")): Object: 'Object Repository/Page_Connect2Clinic/div_Patient requested to Reschedule' is clicked on

2023-05-18 07:41:39 - [MESSAGE][PASSED] - Object: 'Object Repository/Page_Connect2Clinic/div_Patient requested to Reschedule' is clicked on

2023-05-18 07:41:39 - [TEST_STEP][PASSED] - click(findTestObject("Object Repository/Page_Connect2Clinic/div_Yes")): Object: 'Object Repository/Page_Connect2Clinic/div_Yes' is clicked on

2023-05-18 07:41:40 - [MESSAGE][PASSED] - Object: 'Object Repository/Page_Connect2Clinic/div_Yes' is clicked on

2023-05-18 07:41:40 - [TEST_STEP][PASSED] - delay(3): Delayed 3 second(s)

2023-05-18 07:41:43 - [MESSAGE][PASSED] - Delayed 3 second(s)

2023-05-18 07:41:43 - [TEST_STEP][PASSED] - click(findTestObject("Object Repository/Page_Connect2Clinic/div_Okay")): Object: 'Object Repository/Page_Connect2Clinic/div_Okay' is clicked on

2023-05-18 07:41:47 - [MESSAGE][PASSED] - Object: 'Object Repository/Page_Connect2Clinic/div_Okay' is clicked on

2023-05-18 07:41:47 - [TEST_STEP][PASSED] - click(findTestObject("Object Repository/Page_Connect2Clinic/svg_Delhi_MuiSvgIcon-root doctor-info-home-icon")): Object: 'Object Repository/Page_Connect2Clinic/svg_Delhi_MuiSvgIcon-root doctor-info-home-icon' is clicked on

2023-05-18 07:41:48 - [MESSAGE][PASSED] - Object: 'Object Repository/Page_Connect2Clinic/svg_Delhi_MuiSvgIcon-root doctor-info-home-icon' is clicked on

2023-05-18 07:41:48 - [TEST_STEP][PASSED] - click(findTestObject("Object Repository/Page_Connect2Clinic/div_My Account")): Object: 'Object Repository/Page_Connect2Clinic/div_My Account' is clicked on

2023-05-18 07:41:49 - [MESSAGE][PASSED] - Object: 'Object Repository/Page_Connect2Clinic/div_My Account' is clicked on

2023-05-18 07:41:49 - [TEST_STEP][PASSED] - click(findTestObject("Object Repository/Page_Connect2Clinic/a_Logout")): Object: 'Object Repository/Page_Connect2Clinic/a_Logout' is clicked on

2023-05-18 07:41:51 - [MESSAGE][PASSED] - Object: 'Object Repository/Page_Connect2Clinic/a_Logout' is clicked on

2023-05-18 07:41:51 - [TEST_STEP][PASSED] - closeBrowser(): Browser is closed

2023-05-18 07:41:51 - [MESSAGE][PASSED] - Browser is closed]]></system-out>
         <system-err><![CDATA[]]></system-err>
      </testcase>
      <testcase name="Test Cases/Mark No show - Demo" time="19.395" classname="Test Cases/Mark No show - Demo" status="PASSED">
         <system-out><![CDATA[2023-05-18 07:41:52 - [TEST_CASE][PASSED] - Test Cases/Mark No show - Demo: Test Cases/Mark No show - Demo

2023-05-18 07:41:52 - [TEST_STEP][PASSED] - openBrowser(""): Browser is opened with url: ''

2023-05-18 07:41:52 - [MESSAGE][INFO] - Starting 'Chrome' driver

2023-05-18 07:41:52 - [MESSAGE][INFO] - Action delay is set to 0 milliseconds

2023-05-18 07:41:53 - [MESSAGE][PASSED] - Browser is opened with url: ''

2023-05-18 07:41:53 - [TEST_STEP][PASSED] - maximizeWindow(): Current window maximized

2023-05-18 07:41:53 - [MESSAGE][PASSED] - Current window maximized

2023-05-18 07:41:53 - [TEST_STEP][PASSED] - navigateToUrl("https://qa.c2cassets.com/doctor/login"): Navigate to 'https://qa.c2cassets.com/doctor/login' successfully

2023-05-18 07:41:57 - [MESSAGE][PASSED] - Navigate to 'https://qa.c2cassets.com/doctor/login' successfully

2023-05-18 07:41:57 - [TEST_STEP][PASSED] - setText(findTestObject("Object Repository/Page_Connect2Clinic/input_Login to Virtual Clinic_OTP-input"), "8072536860"): Text '8072536860' is set on object 'Object Repository/Page_Connect2Clinic/input_Login to Virtual Clinic_OTP-input'

2023-05-18 07:41:58 - [MESSAGE][PASSED] - Text '8072536860' is set on object 'Object Repository/Page_Connect2Clinic/input_Login to Virtual Clinic_OTP-input'

2023-05-18 07:41:58 - [TEST_STEP][PASSED] - click(findTestObject("Object Repository/Page_Connect2Clinic/button_Continue")): Object: 'Object Repository/Page_Connect2Clinic/button_Continue' is clicked on

2023-05-18 07:41:59 - [MESSAGE][PASSED] - Object: 'Object Repository/Page_Connect2Clinic/button_Continue' is clicked on

2023-05-18 07:41:59 - [TEST_STEP][PASSED] - setEncryptedText(findTestObject("Object Repository/Page_Connect2Clinic/input_Edit_password-input"), "aeHFOx8jV/A="): Text ****** has been set on object 'Object Repository/Page_Connect2Clinic/input_Edit_password-input'

2023-05-18 07:42:00 - [MESSAGE][PASSED] - Text ****** has been set on object 'Object Repository/Page_Connect2Clinic/input_Edit_password-input'

2023-05-18 07:42:00 - [TEST_STEP][PASSED] - click(findTestObject("Object Repository/Page_Connect2Clinic/button_Login")): Object: 'Object Repository/Page_Connect2Clinic/button_Login' is clicked on

2023-05-18 07:42:01 - [MESSAGE][PASSED] - Object: 'Object Repository/Page_Connect2Clinic/button_Login' is clicked on

2023-05-18 07:42:01 - [TEST_STEP][PASSED] - click(findTestObject("Object Repository/Page_Connect2Clinic/button_No")): Object: 'Object Repository/Page_Connect2Clinic/button_No' is clicked on

2023-05-18 07:42:04 - [MESSAGE][PASSED] - Object: 'Object Repository/Page_Connect2Clinic/button_No' is clicked on

2023-05-18 07:42:04 - [TEST_STEP][PASSED] - click(findTestObject("Object Repository/Page_Connect2Clinic/div_6")): Object: 'Object Repository/Page_Connect2Clinic/div_6' is clicked on

2023-05-18 07:42:05 - [MESSAGE][PASSED] - Object: 'Object Repository/Page_Connect2Clinic/div_6' is clicked on

2023-05-18 07:42:05 - [TEST_STEP][PASSED] - click(findTestObject("Object Repository/Page_Connect2Clinic/svg_May 17, 2023_MuiSvgIcon-root")): Object: 'Object Repository/Page_Connect2Clinic/svg_May 17, 2023_MuiSvgIcon-root' is clicked on

2023-05-18 07:42:06 - [MESSAGE][PASSED] - Object: 'Object Repository/Page_Connect2Clinic/svg_May 17, 2023_MuiSvgIcon-root' is clicked on

2023-05-18 07:42:06 - [TEST_STEP][PASSED] - click(findTestObject("Object Repository/Page_Connect2Clinic/div_Mark No Show")): Object: 'Object Repository/Page_Connect2Clinic/div_Mark No Show' is clicked on

2023-05-18 07:42:06 - [MESSAGE][PASSED] - Object: 'Object Repository/Page_Connect2Clinic/div_Mark No Show' is clicked on

2023-05-18 07:42:06 - [TEST_STEP][PASSED] - click(findTestObject("Object Repository/Page_Connect2Clinic/button_Confirm")): Object: 'Object Repository/Page_Connect2Clinic/button_Confirm' is clicked on

2023-05-18 07:42:07 - [MESSAGE][PASSED] - Object: 'Object Repository/Page_Connect2Clinic/button_Confirm' is clicked on

2023-05-18 07:42:07 - [TEST_STEP][PASSED] - click(findTestObject("Object Repository/Page_Connect2Clinic/button_OK")): Object: 'Object Repository/Page_Connect2Clinic/button_OK' is clicked on

2023-05-18 07:42:10 - [MESSAGE][PASSED] - Object: 'Object Repository/Page_Connect2Clinic/button_OK' is clicked on

2023-05-18 07:42:10 - [TEST_STEP][PASSED] - closeBrowser(): Browser is closed

2023-05-18 07:42:11 - [MESSAGE][PASSED] - Browser is closed]]></system-out>
         <system-err><![CDATA[]]></system-err>
      </testcase>
      <testcase name="Test Cases/Reschedule - Demo" time="26.969" classname="Test Cases/Reschedule - Demo" status="PASSED">
         <system-out><![CDATA[2023-05-18 07:42:11 - [TEST_CASE][PASSED] - Test Cases/Reschedule - Demo: Test Cases/Reschedule - Demo

2023-05-18 07:42:11 - [TEST_STEP][PASSED] - openBrowser(""): Browser is opened with url: ''

2023-05-18 07:42:11 - [MESSAGE][INFO] - Starting 'Chrome' driver

2023-05-18 07:42:11 - [MESSAGE][INFO] - Action delay is set to 0 milliseconds

2023-05-18 07:42:13 - [MESSAGE][PASSED] - Browser is opened with url: ''

2023-05-18 07:42:13 - [TEST_STEP][PASSED] - maximizeWindow(): Current window maximized

2023-05-18 07:42:13 - [MESSAGE][PASSED] - Current window maximized

2023-05-18 07:42:13 - [TEST_STEP][PASSED] - navigateToUrl("https://qa.c2cassets.com/doctor/login"): Navigate to 'https://qa.c2cassets.com/doctor/login' successfully

2023-05-18 07:42:18 - [MESSAGE][PASSED] - Navigate to 'https://qa.c2cassets.com/doctor/login' successfully

2023-05-18 07:42:18 - [TEST_STEP][PASSED] - setText(findTestObject("Object Repository/Page_Connect2Clinic/input_Login to Virtual Clinic_OTP-input"), "8072536860"): Text '8072536860' is set on object 'Object Repository/Page_Connect2Clinic/input_Login to Virtual Clinic_OTP-input'

2023-05-18 07:42:19 - [MESSAGE][PASSED] - Text '8072536860' is set on object 'Object Repository/Page_Connect2Clinic/input_Login to Virtual Clinic_OTP-input'

2023-05-18 07:42:19 - [TEST_STEP][PASSED] - click(findTestObject("Object Repository/Page_Connect2Clinic/button_Continue")): Object: 'Object Repository/Page_Connect2Clinic/button_Continue' is clicked on

2023-05-18 07:42:20 - [MESSAGE][PASSED] - Object: 'Object Repository/Page_Connect2Clinic/button_Continue' is clicked on

2023-05-18 07:42:20 - [TEST_STEP][PASSED] - setEncryptedText(findTestObject("Object Repository/Page_Connect2Clinic/input_Edit_password-input"), "aeHFOx8jV/A="): Text ****** has been set on object 'Object Repository/Page_Connect2Clinic/input_Edit_password-input'

2023-05-18 07:42:21 - [MESSAGE][PASSED] - Text ****** has been set on object 'Object Repository/Page_Connect2Clinic/input_Edit_password-input'

2023-05-18 07:42:21 - [TEST_STEP][PASSED] - click(findTestObject("Object Repository/Page_Connect2Clinic/button_Login")): Object: 'Object Repository/Page_Connect2Clinic/button_Login' is clicked on

2023-05-18 07:42:21 - [MESSAGE][PASSED] - Object: 'Object Repository/Page_Connect2Clinic/button_Login' is clicked on

2023-05-18 07:42:21 - [TEST_STEP][PASSED] - click(findTestObject("Object Repository/Page_Connect2Clinic/button_No")): Object: 'Object Repository/Page_Connect2Clinic/button_No' is clicked on

2023-05-18 07:42:25 - [MESSAGE][PASSED] - Object: 'Object Repository/Page_Connect2Clinic/button_No' is clicked on

2023-05-18 07:42:25 - [TEST_STEP][PASSED] - click(findTestObject("Object Repository/Page_Connect2Clinic/div_5")): Object: 'Object Repository/Page_Connect2Clinic/div_5' is clicked on

2023-05-18 07:42:26 - [MESSAGE][PASSED] - Object: 'Object Repository/Page_Connect2Clinic/div_5' is clicked on

2023-05-18 07:42:26 - [TEST_STEP][PASSED] - click(findTestObject("Object Repository/Page_Connect2Clinic/svg_May 17, 2023_MuiSvgIcon-root")): Object: 'Object Repository/Page_Connect2Clinic/svg_May 17, 2023_MuiSvgIcon-root' is clicked on

2023-05-18 07:42:27 - [MESSAGE][PASSED] - Object: 'Object Repository/Page_Connect2Clinic/svg_May 17, 2023_MuiSvgIcon-root' is clicked on

2023-05-18 07:42:27 - [TEST_STEP][PASSED] - click(findTestObject("Object Repository/Page_Connect2Clinic/span_Reschedule")): Object: 'Object Repository/Page_Connect2Clinic/span_Reschedule' is clicked on

2023-05-18 07:42:27 - [MESSAGE][PASSED] - Object: 'Object Repository/Page_Connect2Clinic/span_Reschedule' is clicked on

2023-05-18 07:42:27 - [TEST_STEP][PASSED] - verifyElementVisible(findTestObject("Object Repository/Test7- Reschedule/Page_Connect2Clinic/div_Reschedule to next available slotResche_067b5f")): Object 'Object Repository/Test7- Reschedule/Page_Connect2Clinic/div_Reschedule to next available slotResche_067b5f' is visible

2023-05-18 07:42:30 - [MESSAGE][PASSED] - Object 'Object Repository/Test7- Reschedule/Page_Connect2Clinic/div_Reschedule to next available slotResche_067b5f' is visible

2023-05-18 07:42:30 - [TEST_STEP][PASSED] - click(findTestObject("Object Repository/Test7- Reschedule/Page_Connect2Clinic/button_Reschedule to next available slot")): Object: 'Object Repository/Test7- Reschedule/Page_Connect2Clinic/button_Reschedule to next available slot' is clicked on

2023-05-18 07:42:30 - [MESSAGE][PASSED] - Object: 'Object Repository/Test7- Reschedule/Page_Connect2Clinic/button_Reschedule to next available slot' is clicked on

2023-05-18 07:42:30 - [TEST_STEP][PASSED] - click(findTestObject("Object Repository/Test2-Reschedule/Page_Connect2Clinic/div_Appointment RescheduledYour appointment_ad6f80")): Object: 'Object Repository/Test2-Reschedule/Page_Connect2Clinic/div_Appointment RescheduledYour appointment_ad6f80' is clicked on

2023-05-18 07:42:33 - [MESSAGE][PASSED] - Object: 'Object Repository/Test2-Reschedule/Page_Connect2Clinic/div_Appointment RescheduledYour appointment_ad6f80' is clicked on

2023-05-18 07:42:33 - [TEST_STEP][PASSED] - click(findTestObject("Object Repository/Page_Connect2Clinic/svg_Delhi_MuiSvgIcon-root doctor-info-home-icon")): Object: 'Object Repository/Page_Connect2Clinic/svg_Delhi_MuiSvgIcon-root doctor-info-home-icon' is clicked on

2023-05-18 07:42:34 - [MESSAGE][PASSED] - Object: 'Object Repository/Page_Connect2Clinic/svg_Delhi_MuiSvgIcon-root doctor-info-home-icon' is clicked on

2023-05-18 07:42:34 - [TEST_STEP][PASSED] - click(findTestObject("Object Repository/Page_Connect2Clinic/div_My Account")): Object: 'Object Repository/Page_Connect2Clinic/div_My Account' is clicked on

2023-05-18 07:42:35 - [MESSAGE][PASSED] - Object: 'Object Repository/Page_Connect2Clinic/div_My Account' is clicked on

2023-05-18 07:42:35 - [TEST_STEP][PASSED] - click(findTestObject("Object Repository/Page_Connect2Clinic/a_Logout")): Object: 'Object Repository/Page_Connect2Clinic/a_Logout' is clicked on

2023-05-18 07:42:37 - [MESSAGE][PASSED] - Object: 'Object Repository/Page_Connect2Clinic/a_Logout' is clicked on

2023-05-18 07:42:37 - [TEST_STEP][PASSED] - closeBrowser(): Browser is closed

2023-05-18 07:42:38 - [MESSAGE][PASSED] - Browser is closed]]></system-out>
         <system-err><![CDATA[]]></system-err>
      </testcase>
      <system-out><![CDATA[2023-05-18 07:40:43 - [TEST_SUITE][PASSED] - C2C_TS1: Test Cases/Reschedule - Demo]]></system-out>
      <system-err><![CDATA[]]></system-err>
   </testsuite>
</testsuites>
