<?xml version="1.0" encoding="UTF-8"?>
<testsuites name="C2C_TS1" time="195.111" tests="6" failures="0" errors="0">
   <testsuite name="C2C_TS1" tests="6" failures="0" errors="0" time="195.111" skipped="0" timestamp="2023-05-17 11:25:29" hostname="ThalluruSaiteja - DESKTOP-F8C937H" id="Test Suites/C2C_TS1">
      <properties>
         <property name="deviceName" value=""/>
         <property name="devicePlatform" value=""/>
         <property name="logFolder" value="C:\\Users\\ThalluruSaiteja\\Katalon Studio\\Connect2Clinic\\Reports\\20230517_112527\\C2C_TS1\\20230517_112527"/>
         <property name="logFiles" value="C:\\Users\\ThalluruSaiteja\\Katalon Studio\\Connect2Clinic\\Reports\\20230517_112527\\C2C_TS1\\20230517_112527\\execution0.log"/>
         <property name="attachments" value="C:\\Users\\ThalluruSaiteja\\Katalon Studio\\Connect2Clinic\\Reports\\20230517_112527\\C2C_TS1\\20230517_112527\\1684302940271.png, C:\\Users\\ThalluruSaiteja\\Katalon Studio\\Connect2Clinic\\Reports\\20230517_112527\\C2C_TS1\\20230517_112527\\1684302948884.png, C:\\Users\\ThalluruSaiteja\\Katalon Studio\\Connect2Clinic\\Reports\\20230517_112527\\C2C_TS1\\20230517_112527\\1684302953980.png"/>
         <property name="hostName" value="ThalluruSaiteja - DESKTOP-F8C937H"/>
         <property name="os" value="Windows 10 64bit"/>
         <property name="katalonVersion" value="8.5.5.208"/>
         <property name="browser" value="Firefox 113.0"/>
         <property name="hostAddress" value="192.168.1.4"/>
         <property name="sessionId" value="26a8dfb2-eed0-488a-930f-9f682a5a205d"/>
         <property name="seleniumVersion" value="3.141.59"/>
         <property name="proxyInformation" value="ProxyInformation { proxyOption=NO_PROXY, proxyServerType=HTTP, username=, password=********, proxyServerAddress=, proxyServerPort=0, executionList=&quot;&quot;, isApplyToDesiredCapabilities=true }"/>
         <property name="platform" value="Windows 10"/>
      </properties>
      <testcase name="Test Cases/Login - Demo" time="25.002" classname="Test Cases/Login - Demo" status="PASSED">
         <system-out><![CDATA[2023-05-17 11:25:30 - [TEST_CASE][PASSED] - Test Cases/Login - Demo: Test Cases/Login - Demo

2023-05-17 11:25:30 - [TEST_STEP][PASSED] - openBrowser(""): Browser is opened with url: ''

2023-05-17 11:25:30 - [MESSAGE][INFO] - Starting 'Firefox' driver

2023-05-17 11:25:31 - [MESSAGE][INFO] - Action delay is set to 0 milliseconds

2023-05-17 11:25:35 - [MESSAGE][PASSED] - Browser is opened with url: ''

2023-05-17 11:25:35 - [TEST_STEP][PASSED] - navigateToUrl("https://qa.c2cassets.com/doctor/login"): Navigate to 'https://qa.c2cassets.com/doctor/login' successfully

2023-05-17 11:25:39 - [MESSAGE][PASSED] - Navigate to 'https://qa.c2cassets.com/doctor/login' successfully

2023-05-17 11:25:39 - [TEST_STEP][PASSED] - takeScreenshot(): Taking screenshot successfully

2023-05-17 11:25:40 - [MESSAGE][PASSED] - Taking screenshot successfully
[[ATTACHMENT|C:\\Users\\ThalluruSaiteja\\Katalon Studio\\Connect2Clinic\\Reports\\20230517_112527\\C2C_TS1\\20230517_112527\\1684302940271.png]]

2023-05-17 11:25:40 - [TEST_STEP][PASSED] - setText(findTestObject("Object Repository/Page_Connect2Clinic/input_Login to Virtual Clinic_OTP-input"), "8072536860"): Text '8072536860' is set on object 'Object Repository/Page_Connect2Clinic/input_Login to Virtual Clinic_OTP-input'

2023-05-17 11:25:41 - [MESSAGE][PASSED] - Text '8072536860' is set on object 'Object Repository/Page_Connect2Clinic/input_Login to Virtual Clinic_OTP-input'

2023-05-17 11:25:41 - [TEST_STEP][PASSED] - click(findTestObject("Object Repository/Page_Connect2Clinic/button_Continue")): Object: 'Object Repository/Page_Connect2Clinic/button_Continue' is clicked on

2023-05-17 11:25:42 - [MESSAGE][PASSED] - Object: 'Object Repository/Page_Connect2Clinic/button_Continue' is clicked on

2023-05-17 11:25:42 - [TEST_STEP][PASSED] - setEncryptedText(findTestObject("Object Repository/Page_Connect2Clinic/input_Edit_password-input"), "aeHFOx8jV/A="): Text ****** has been set on object 'Object Repository/Page_Connect2Clinic/input_Edit_password-input'

2023-05-17 11:25:43 - [MESSAGE][PASSED] - Text ****** has been set on object 'Object Repository/Page_Connect2Clinic/input_Edit_password-input'

2023-05-17 11:25:43 - [TEST_STEP][PASSED] - click(findTestObject("Object Repository/Page_Connect2Clinic/button_Login")): Object: 'Object Repository/Page_Connect2Clinic/button_Login' is clicked on

2023-05-17 11:25:44 - [MESSAGE][PASSED] - Object: 'Object Repository/Page_Connect2Clinic/button_Login' is clicked on

2023-05-17 11:25:44 - [TEST_STEP][PASSED] - click(findTestObject("Object Repository/Page_Connect2Clinic/button_No")): Object: 'Object Repository/Page_Connect2Clinic/button_No' is clicked on

2023-05-17 11:25:48 - [MESSAGE][PASSED] - Object: 'Object Repository/Page_Connect2Clinic/button_No' is clicked on

2023-05-17 11:25:48 - [TEST_STEP][PASSED] - takeScreenshot(): Taking screenshot successfully

2023-05-17 11:25:49 - [MESSAGE][PASSED] - Taking screenshot successfully
[[ATTACHMENT|C:\\Users\\ThalluruSaiteja\\Katalon Studio\\Connect2Clinic\\Reports\\20230517_112527\\C2C_TS1\\20230517_112527\\1684302948884.png]]

2023-05-17 11:25:49 - [TEST_STEP][PASSED] - verifyElementVisible(findTestObject("Object Repository/Page_Connect2Clinic/p_Dr.Rakshana V")): Object 'Object Repository/Page_Connect2Clinic/p_Dr.Rakshana V' is visible

2023-05-17 11:25:49 - [MESSAGE][PASSED] - Object 'Object Repository/Page_Connect2Clinic/p_Dr.Rakshana V' is visible

2023-05-17 11:25:49 - [TEST_STEP][PASSED] - verifyElementVisible(findTestObject("Object Repository/Page_Connect2Clinic/span_Bangalore Clinic")): Object 'Object Repository/Page_Connect2Clinic/span_Bangalore Clinic' is visible

2023-05-17 11:25:49 - [MESSAGE][PASSED] - Object 'Object Repository/Page_Connect2Clinic/span_Bangalore Clinic' is visible

2023-05-17 11:25:49 - [TEST_STEP][PASSED] - click(findTestObject("Object Repository/Page_Connect2Clinic/svg_Delhi_MuiSvgIcon-root doctor-info-home-icon")): Object: 'Object Repository/Page_Connect2Clinic/svg_Delhi_MuiSvgIcon-root doctor-info-home-icon' is clicked on

2023-05-17 11:25:50 - [MESSAGE][PASSED] - Object: 'Object Repository/Page_Connect2Clinic/svg_Delhi_MuiSvgIcon-root doctor-info-home-icon' is clicked on

2023-05-17 11:25:50 - [TEST_STEP][PASSED] - click(findTestObject("Object Repository/Page_Connect2Clinic/div_My Account")): Object: 'Object Repository/Page_Connect2Clinic/div_My Account' is clicked on

2023-05-17 11:25:51 - [MESSAGE][PASSED] - Object: 'Object Repository/Page_Connect2Clinic/div_My Account' is clicked on

2023-05-17 11:25:51 - [TEST_STEP][PASSED] - click(findTestObject("Object Repository/Page_Connect2Clinic/a_Logout")): Object: 'Object Repository/Page_Connect2Clinic/a_Logout' is clicked on

2023-05-17 11:25:53 - [MESSAGE][PASSED] - Object: 'Object Repository/Page_Connect2Clinic/a_Logout' is clicked on

2023-05-17 11:25:53 - [TEST_STEP][PASSED] - takeScreenshot(): Taking screenshot successfully

2023-05-17 11:25:54 - [MESSAGE][PASSED] - Taking screenshot successfully
[[ATTACHMENT|C:\\Users\\ThalluruSaiteja\\Katalon Studio\\Connect2Clinic\\Reports\\20230517_112527\\C2C_TS1\\20230517_112527\\1684302953980.png]]

2023-05-17 11:25:54 - [TEST_STEP][PASSED] - closeBrowser(): Browser is closed

2023-05-17 11:25:55 - [MESSAGE][PASSED] - Browser is closed]]></system-out>
         <system-err><![CDATA[]]></system-err>
      </testcase>
      <testcase name="Test Cases/Book Appointment - Demo" time="44.18" classname="Test Cases/Book Appointment - Demo" status="PASSED">
         <system-out><![CDATA[2023-05-17 11:25:55 - [TEST_CASE][PASSED] - Test Cases/Book Appointment - Demo: Test Cases/Book Appointment - Demo

2023-05-17 11:25:55 - [TEST_STEP][PASSED] - openBrowser(""): Browser is opened with url: ''

2023-05-17 11:25:55 - [MESSAGE][INFO] - Starting 'Firefox' driver

2023-05-17 11:25:55 - [MESSAGE][INFO] - Action delay is set to 0 milliseconds

2023-05-17 11:25:58 - [MESSAGE][PASSED] - Browser is opened with url: ''

2023-05-17 11:25:58 - [TEST_STEP][PASSED] - maximizeWindow(): Current window maximized

2023-05-17 11:25:58 - [MESSAGE][PASSED] - Current window maximized

2023-05-17 11:25:58 - [TEST_STEP][PASSED] - navigateToUrl("https://qa.c2cassets.com/doctor/login"): Navigate to 'https://qa.c2cassets.com/doctor/login' successfully

2023-05-17 11:26:04 - [MESSAGE][PASSED] - Navigate to 'https://qa.c2cassets.com/doctor/login' successfully

2023-05-17 11:26:04 - [TEST_STEP][PASSED] - setText(findTestObject("Object Repository/Page_Connect2Clinic/input_Login to Virtual Clinic_OTP-input"), "8072536860"): Text '8072536860' is set on object 'Object Repository/Page_Connect2Clinic/input_Login to Virtual Clinic_OTP-input'

2023-05-17 11:26:04 - [MESSAGE][PASSED] - Text '8072536860' is set on object 'Object Repository/Page_Connect2Clinic/input_Login to Virtual Clinic_OTP-input'

2023-05-17 11:26:04 - [TEST_STEP][PASSED] - click(findTestObject("Object Repository/Page_Connect2Clinic/button_Continue")): Object: 'Object Repository/Page_Connect2Clinic/button_Continue' is clicked on

2023-05-17 11:26:05 - [MESSAGE][PASSED] - Object: 'Object Repository/Page_Connect2Clinic/button_Continue' is clicked on

2023-05-17 11:26:05 - [TEST_STEP][PASSED] - setEncryptedText(findTestObject("Object Repository/Page_Connect2Clinic/input_Edit_password-input"), "aeHFOx8jV/A="): Text ****** has been set on object 'Object Repository/Page_Connect2Clinic/input_Edit_password-input'

2023-05-17 11:26:06 - [MESSAGE][PASSED] - Text ****** has been set on object 'Object Repository/Page_Connect2Clinic/input_Edit_password-input'

2023-05-17 11:26:06 - [TEST_STEP][PASSED] - click(findTestObject("Object Repository/Page_Connect2Clinic/button_Login")): Object: 'Object Repository/Page_Connect2Clinic/button_Login' is clicked on

2023-05-17 11:26:07 - [MESSAGE][PASSED] - Object: 'Object Repository/Page_Connect2Clinic/button_Login' is clicked on

2023-05-17 11:26:07 - [TEST_STEP][PASSED] - click(findTestObject("Object Repository/Page_Connect2Clinic/button_No")): Object: 'Object Repository/Page_Connect2Clinic/button_No' is clicked on

2023-05-17 11:26:12 - [MESSAGE][PASSED] - Object: 'Object Repository/Page_Connect2Clinic/button_No' is clicked on

2023-05-17 11:26:12 - [TEST_STEP][PASSED] - click(findTestObject("Object Repository/Page_Connect2Clinic/button_Book Appointment")): Object: 'Object Repository/Page_Connect2Clinic/button_Book Appointment' is clicked on

2023-05-17 11:26:13 - [MESSAGE][PASSED] - Object: 'Object Repository/Page_Connect2Clinic/button_Book Appointment' is clicked on

2023-05-17 11:26:13 - [TEST_STEP][PASSED] - click(findTestObject("Object Repository/Page_Connect2Clinic/p_In-Clinic Consultation")): Object: 'Object Repository/Page_Connect2Clinic/p_In-Clinic Consultation' is clicked on

2023-05-17 11:26:14 - [MESSAGE][PASSED] - Object: 'Object Repository/Page_Connect2Clinic/p_In-Clinic Consultation' is clicked on

2023-05-17 11:26:14 - [TEST_STEP][PASSED] - delay(5): Delayed 5 second(s)

2023-05-17 11:26:19 - [MESSAGE][PASSED] - Delayed 5 second(s)

2023-05-17 11:26:19 - [TEST_STEP][PASSED] - verifyElementVisible(findTestObject("Object Repository/Page_Connect2Clinic/button_Save  Continue")): Object 'Object Repository/Page_Connect2Clinic/button_Save  Continue' is visible

2023-05-17 11:26:19 - [MESSAGE][PASSED] - Object 'Object Repository/Page_Connect2Clinic/button_Save  Continue' is visible

2023-05-17 11:26:19 - [TEST_STEP][PASSED] - click(findTestObject("Object Repository/Page_Connect2Clinic/button_Save  Continue")): Object: 'Object Repository/Page_Connect2Clinic/button_Save  Continue' is clicked on

2023-05-17 11:26:20 - [MESSAGE][PASSED] - Object: 'Object Repository/Page_Connect2Clinic/button_Save  Continue' is clicked on

2023-05-17 11:26:20 - [TEST_STEP][PASSED] - setText(findTestObject("Object Repository/Page_Connect2Clinic/input_Mobile Number_patient_no"), "8919396555"): Text '8919396555' is set on object 'Object Repository/Page_Connect2Clinic/input_Mobile Number_patient_no'

2023-05-17 11:26:22 - [MESSAGE][PASSED] - Text '8919396555' is set on object 'Object Repository/Page_Connect2Clinic/input_Mobile Number_patient_no'

2023-05-17 11:26:22 - [TEST_STEP][PASSED] - delay(3): Delayed 3 second(s)

2023-05-17 11:26:25 - [MESSAGE][PASSED] - Delayed 3 second(s)

2023-05-17 11:26:25 - [TEST_STEP][PASSED] - click(findTestObject("Object Repository/Page_Connect2Clinic/h5_Sai")): Object: 'Object Repository/Page_Connect2Clinic/h5_Sai' is clicked on

2023-05-17 11:26:26 - [MESSAGE][PASSED] - Object: 'Object Repository/Page_Connect2Clinic/h5_Sai' is clicked on

2023-05-17 11:26:26 - [TEST_STEP][PASSED] - scrollToPosition(9999999, 9999999): Browser is scrolled to position x = 9999999, y = 9999999

2023-05-17 11:26:26 - [MESSAGE][PASSED] - Browser is scrolled to position x = 9999999, y = 9999999

2023-05-17 11:26:26 - [TEST_STEP][PASSED] - verifyElementVisible(findTestObject("Object Repository/Page_Connect2Clinic/button_Save  Continue")): Object 'Object Repository/Page_Connect2Clinic/button_Save  Continue' is visible

2023-05-17 11:26:26 - [MESSAGE][PASSED] - Object 'Object Repository/Page_Connect2Clinic/button_Save  Continue' is visible

2023-05-17 11:26:26 - [TEST_STEP][PASSED] - click(findTestObject("Object Repository/Page_Connect2Clinic/button_Save  Continue")): Object: 'Object Repository/Page_Connect2Clinic/button_Save  Continue' is clicked on

2023-05-17 11:26:27 - [MESSAGE][PASSED] - Object: 'Object Repository/Page_Connect2Clinic/button_Save  Continue' is clicked on

2023-05-17 11:26:27 - [TEST_STEP][PASSED] - click(findTestObject("Object Repository/Page_Connect2Clinic/button_Pay at Clinic")): Object: 'Object Repository/Page_Connect2Clinic/button_Pay at Clinic' is clicked on

2023-05-17 11:26:32 - [MESSAGE][PASSED] - Object: 'Object Repository/Page_Connect2Clinic/button_Pay at Clinic' is clicked on

2023-05-17 11:26:32 - [TEST_STEP][PASSED] - click(findTestObject("Object Repository/Page_Connect2Clinic/button_Proceed")): Object: 'Object Repository/Page_Connect2Clinic/button_Proceed' is clicked on

2023-05-17 11:26:33 - [MESSAGE][PASSED] - Object: 'Object Repository/Page_Connect2Clinic/button_Proceed' is clicked on

2023-05-17 11:26:33 - [TEST_STEP][PASSED] - delay(5): Delayed 5 second(s)

2023-05-17 11:26:38 - [MESSAGE][PASSED] - Delayed 5 second(s)

2023-05-17 11:26:38 - [TEST_STEP][PASSED] - closeBrowser(): Browser is closed

2023-05-17 11:26:39 - [MESSAGE][PASSED] - Browser is closed]]></system-out>
         <system-err><![CDATA[]]></system-err>
      </testcase>
      <testcase name="Test Cases/Cancel Appointment - Demo" time="34.282" classname="Test Cases/Cancel Appointment - Demo" status="PASSED">
         <system-out><![CDATA[2023-05-17 11:26:39 - [TEST_CASE][PASSED] - Test Cases/Cancel Appointment - Demo: Test Cases/Cancel Appointment - Demo

2023-05-17 11:26:39 - [TEST_STEP][PASSED] - openBrowser(""): Browser is opened with url: ''

2023-05-17 11:26:39 - [MESSAGE][INFO] - Starting 'Firefox' driver

2023-05-17 11:26:39 - [MESSAGE][INFO] - Action delay is set to 0 milliseconds

2023-05-17 11:26:43 - [MESSAGE][PASSED] - Browser is opened with url: ''

2023-05-17 11:26:43 - [TEST_STEP][PASSED] - maximizeWindow(): Current window maximized

2023-05-17 11:26:43 - [MESSAGE][PASSED] - Current window maximized

2023-05-17 11:26:43 - [TEST_STEP][PASSED] - navigateToUrl("https://qa.c2cassets.com/doctor/login"): Navigate to 'https://qa.c2cassets.com/doctor/login' successfully

2023-05-17 11:26:47 - [MESSAGE][PASSED] - Navigate to 'https://qa.c2cassets.com/doctor/login' successfully

2023-05-17 11:26:47 - [TEST_STEP][PASSED] - setText(findTestObject("Object Repository/Page_Connect2Clinic/input_Login to Virtual Clinic_OTP-input"), "8072536860"): Text '8072536860' is set on object 'Object Repository/Page_Connect2Clinic/input_Login to Virtual Clinic_OTP-input'

2023-05-17 11:26:48 - [MESSAGE][PASSED] - Text '8072536860' is set on object 'Object Repository/Page_Connect2Clinic/input_Login to Virtual Clinic_OTP-input'

2023-05-17 11:26:48 - [TEST_STEP][PASSED] - click(findTestObject("Object Repository/Page_Connect2Clinic/button_Continue")): Object: 'Object Repository/Page_Connect2Clinic/button_Continue' is clicked on

2023-05-17 11:26:49 - [MESSAGE][PASSED] - Object: 'Object Repository/Page_Connect2Clinic/button_Continue' is clicked on

2023-05-17 11:26:49 - [TEST_STEP][PASSED] - setEncryptedText(findTestObject("Object Repository/Page_Connect2Clinic/input_Edit_password-input"), "aeHFOx8jV/A="): Text ****** has been set on object 'Object Repository/Page_Connect2Clinic/input_Edit_password-input'

2023-05-17 11:26:50 - [MESSAGE][PASSED] - Text ****** has been set on object 'Object Repository/Page_Connect2Clinic/input_Edit_password-input'

2023-05-17 11:26:50 - [TEST_STEP][PASSED] - click(findTestObject("Object Repository/Page_Connect2Clinic/button_Login")): Object: 'Object Repository/Page_Connect2Clinic/button_Login' is clicked on

2023-05-17 11:26:51 - [MESSAGE][PASSED] - Object: 'Object Repository/Page_Connect2Clinic/button_Login' is clicked on

2023-05-17 11:26:51 - [TEST_STEP][PASSED] - click(findTestObject("Object Repository/Page_Connect2Clinic/button_No")): Object: 'Object Repository/Page_Connect2Clinic/button_No' is clicked on

2023-05-17 11:26:54 - [MESSAGE][PASSED] - Object: 'Object Repository/Page_Connect2Clinic/button_No' is clicked on

2023-05-17 11:26:54 - [TEST_STEP][PASSED] - click(findTestObject("Object Repository/Page_Connect2Clinic/div_9")): Object: 'Object Repository/Page_Connect2Clinic/div_9' is clicked on

2023-05-17 11:26:55 - [MESSAGE][PASSED] - Object: 'Object Repository/Page_Connect2Clinic/div_9' is clicked on

2023-05-17 11:26:55 - [TEST_STEP][PASSED] - click(findTestObject("Object Repository/Page_Connect2Clinic/svg_May 17, 2023_MuiSvgIcon-root")): Object: 'Object Repository/Page_Connect2Clinic/svg_May 17, 2023_MuiSvgIcon-root' is clicked on

2023-05-17 11:26:56 - [MESSAGE][PASSED] - Object: 'Object Repository/Page_Connect2Clinic/svg_May 17, 2023_MuiSvgIcon-root' is clicked on

2023-05-17 11:26:56 - [TEST_STEP][PASSED] - click(findTestObject("Object Repository/Page_Connect2Clinic/div_Cancel")): Object: 'Object Repository/Page_Connect2Clinic/div_Cancel' is clicked on

2023-05-17 11:26:56 - [MESSAGE][PASSED] - Object: 'Object Repository/Page_Connect2Clinic/div_Cancel' is clicked on

2023-05-17 11:26:56 - [TEST_STEP][PASSED] - click(findTestObject("Object Repository/Page_Connect2Clinic/div_Cancellation Reason")): Object: 'Object Repository/Page_Connect2Clinic/div_Cancellation Reason' is clicked on

2023-05-17 11:26:59 - [MESSAGE][PASSED] - Object: 'Object Repository/Page_Connect2Clinic/div_Cancellation Reason' is clicked on

2023-05-17 11:26:59 - [TEST_STEP][PASSED] - click(findTestObject("Object Repository/Page_Connect2Clinic/div_Patient requested to Reschedule")): Object: 'Object Repository/Page_Connect2Clinic/div_Patient requested to Reschedule' is clicked on

2023-05-17 11:27:00 - [MESSAGE][PASSED] - Object: 'Object Repository/Page_Connect2Clinic/div_Patient requested to Reschedule' is clicked on

2023-05-17 11:27:00 - [TEST_STEP][PASSED] - click(findTestObject("Object Repository/Page_Connect2Clinic/div_Yes")): Object: 'Object Repository/Page_Connect2Clinic/div_Yes' is clicked on

2023-05-17 11:27:00 - [MESSAGE][PASSED] - Object: 'Object Repository/Page_Connect2Clinic/div_Yes' is clicked on

2023-05-17 11:27:00 - [TEST_STEP][PASSED] - delay(3): Delayed 3 second(s)

2023-05-17 11:27:03 - [MESSAGE][PASSED] - Delayed 3 second(s)

2023-05-17 11:27:03 - [TEST_STEP][PASSED] - click(findTestObject("Object Repository/Page_Connect2Clinic/div_Okay")): Object: 'Object Repository/Page_Connect2Clinic/div_Okay' is clicked on

2023-05-17 11:27:07 - [MESSAGE][PASSED] - Object: 'Object Repository/Page_Connect2Clinic/div_Okay' is clicked on

2023-05-17 11:27:07 - [TEST_STEP][PASSED] - click(findTestObject("Object Repository/Page_Connect2Clinic/svg_Delhi_MuiSvgIcon-root doctor-info-home-icon")): Object: 'Object Repository/Page_Connect2Clinic/svg_Delhi_MuiSvgIcon-root doctor-info-home-icon' is clicked on

2023-05-17 11:27:09 - [MESSAGE][PASSED] - Object: 'Object Repository/Page_Connect2Clinic/svg_Delhi_MuiSvgIcon-root doctor-info-home-icon' is clicked on

2023-05-17 11:27:09 - [TEST_STEP][PASSED] - click(findTestObject("Object Repository/Page_Connect2Clinic/div_My Account")): Object: 'Object Repository/Page_Connect2Clinic/div_My Account' is clicked on

2023-05-17 11:27:10 - [MESSAGE][PASSED] - Object: 'Object Repository/Page_Connect2Clinic/div_My Account' is clicked on

2023-05-17 11:27:10 - [TEST_STEP][PASSED] - click(findTestObject("Object Repository/Page_Connect2Clinic/a_Logout")): Object: 'Object Repository/Page_Connect2Clinic/a_Logout' is clicked on

2023-05-17 11:27:12 - [MESSAGE][PASSED] - Object: 'Object Repository/Page_Connect2Clinic/a_Logout' is clicked on

2023-05-17 11:27:12 - [TEST_STEP][PASSED] - closeBrowser(): Browser is closed

2023-05-17 11:27:13 - [MESSAGE][PASSED] - Browser is closed]]></system-out>
         <system-err><![CDATA[]]></system-err>
      </testcase>
      <testcase name="Test Cases/Mark No show - Demo" time="27.334" classname="Test Cases/Mark No show - Demo" status="PASSED">
         <system-out><![CDATA[2023-05-17 11:27:13 - [TEST_CASE][PASSED] - Test Cases/Mark No show - Demo: Test Cases/Mark No show - Demo

2023-05-17 11:27:13 - [TEST_STEP][PASSED] - openBrowser(""): Browser is opened with url: ''

2023-05-17 11:27:13 - [MESSAGE][INFO] - Starting 'Firefox' driver

2023-05-17 11:27:13 - [MESSAGE][INFO] - Action delay is set to 0 milliseconds

2023-05-17 11:27:17 - [MESSAGE][PASSED] - Browser is opened with url: ''

2023-05-17 11:27:17 - [TEST_STEP][PASSED] - maximizeWindow(): Current window maximized

2023-05-17 11:27:17 - [MESSAGE][PASSED] - Current window maximized

2023-05-17 11:27:17 - [TEST_STEP][PASSED] - navigateToUrl("https://qa.c2cassets.com/doctor/login"): Navigate to 'https://qa.c2cassets.com/doctor/login' successfully

2023-05-17 11:27:21 - [MESSAGE][PASSED] - Navigate to 'https://qa.c2cassets.com/doctor/login' successfully

2023-05-17 11:27:21 - [TEST_STEP][PASSED] - setText(findTestObject("Object Repository/Page_Connect2Clinic/input_Login to Virtual Clinic_OTP-input"), "8072536860"): Text '8072536860' is set on object 'Object Repository/Page_Connect2Clinic/input_Login to Virtual Clinic_OTP-input'

2023-05-17 11:27:21 - [MESSAGE][PASSED] - Text '8072536860' is set on object 'Object Repository/Page_Connect2Clinic/input_Login to Virtual Clinic_OTP-input'

2023-05-17 11:27:21 - [TEST_STEP][PASSED] - click(findTestObject("Object Repository/Page_Connect2Clinic/button_Continue")): Object: 'Object Repository/Page_Connect2Clinic/button_Continue' is clicked on

2023-05-17 11:27:22 - [MESSAGE][PASSED] - Object: 'Object Repository/Page_Connect2Clinic/button_Continue' is clicked on

2023-05-17 11:27:22 - [TEST_STEP][PASSED] - setEncryptedText(findTestObject("Object Repository/Page_Connect2Clinic/input_Edit_password-input"), "aeHFOx8jV/A="): Text ****** has been set on object 'Object Repository/Page_Connect2Clinic/input_Edit_password-input'

2023-05-17 11:27:23 - [MESSAGE][PASSED] - Text ****** has been set on object 'Object Repository/Page_Connect2Clinic/input_Edit_password-input'

2023-05-17 11:27:23 - [TEST_STEP][PASSED] - click(findTestObject("Object Repository/Page_Connect2Clinic/button_Login")): Object: 'Object Repository/Page_Connect2Clinic/button_Login' is clicked on

2023-05-17 11:27:24 - [MESSAGE][PASSED] - Object: 'Object Repository/Page_Connect2Clinic/button_Login' is clicked on

2023-05-17 11:27:24 - [TEST_STEP][PASSED] - click(findTestObject("Object Repository/Page_Connect2Clinic/button_No")): Object: 'Object Repository/Page_Connect2Clinic/button_No' is clicked on

2023-05-17 11:27:27 - [MESSAGE][PASSED] - Object: 'Object Repository/Page_Connect2Clinic/button_No' is clicked on

2023-05-17 11:27:27 - [TEST_STEP][PASSED] - click(findTestObject("Object Repository/Page_Connect2Clinic/div_6")): Object: 'Object Repository/Page_Connect2Clinic/div_6' is clicked on

2023-05-17 11:27:28 - [MESSAGE][PASSED] - Object: 'Object Repository/Page_Connect2Clinic/div_6' is clicked on

2023-05-17 11:27:28 - [TEST_STEP][PASSED] - click(findTestObject("Object Repository/Page_Connect2Clinic/svg_May 17, 2023_MuiSvgIcon-root")): Object: 'Object Repository/Page_Connect2Clinic/svg_May 17, 2023_MuiSvgIcon-root' is clicked on

2023-05-17 11:27:29 - [MESSAGE][PASSED] - Object: 'Object Repository/Page_Connect2Clinic/svg_May 17, 2023_MuiSvgIcon-root' is clicked on

2023-05-17 11:27:29 - [TEST_STEP][PASSED] - click(findTestObject("Object Repository/Page_Connect2Clinic/div_Mark No Show")): Object: 'Object Repository/Page_Connect2Clinic/div_Mark No Show' is clicked on

2023-05-17 11:27:30 - [MESSAGE][PASSED] - Object: 'Object Repository/Page_Connect2Clinic/div_Mark No Show' is clicked on

2023-05-17 11:27:30 - [TEST_STEP][PASSED] - click(findTestObject("Object Repository/Page_Connect2Clinic/button_Confirm")): Object: 'Object Repository/Page_Connect2Clinic/button_Confirm' is clicked on

2023-05-17 11:27:30 - [MESSAGE][PASSED] - Object: 'Object Repository/Page_Connect2Clinic/button_Confirm' is clicked on

2023-05-17 11:27:30 - [TEST_STEP][PASSED] - click(findTestObject("Object Repository/Page_Connect2Clinic/button_OK")): Object: 'Object Repository/Page_Connect2Clinic/button_OK' is clicked on

2023-05-17 11:27:36 - [MESSAGE][PASSED] - Object: 'Object Repository/Page_Connect2Clinic/button_OK' is clicked on

2023-05-17 11:27:36 - [TEST_STEP][PASSED] - click(findTestObject("Object Repository/Page_Connect2Clinic/svg_Delhi_MuiSvgIcon-root doctor-info-home-icon")): Object: 'Object Repository/Page_Connect2Clinic/svg_Delhi_MuiSvgIcon-root doctor-info-home-icon' is clicked on

2023-05-17 11:27:36 - [MESSAGE][PASSED] - Object: 'Object Repository/Page_Connect2Clinic/svg_Delhi_MuiSvgIcon-root doctor-info-home-icon' is clicked on

2023-05-17 11:27:36 - [TEST_STEP][PASSED] - click(findTestObject("Object Repository/Page_Connect2Clinic/div_My Account")): Object: 'Object Repository/Page_Connect2Clinic/div_My Account' is clicked on

2023-05-17 11:27:37 - [MESSAGE][PASSED] - Object: 'Object Repository/Page_Connect2Clinic/div_My Account' is clicked on

2023-05-17 11:27:37 - [TEST_STEP][PASSED] - click(findTestObject("Object Repository/Page_Connect2Clinic/a_Logout")): Object: 'Object Repository/Page_Connect2Clinic/a_Logout' is clicked on

2023-05-17 11:27:39 - [MESSAGE][PASSED] - Object: 'Object Repository/Page_Connect2Clinic/a_Logout' is clicked on

2023-05-17 11:27:39 - [TEST_STEP][PASSED] - closeBrowser(): Browser is closed

2023-05-17 11:27:40 - [MESSAGE][PASSED] - Browser is closed]]></system-out>
         <system-err><![CDATA[]]></system-err>
      </testcase>
      <testcase name="Test Cases/Reschedule - Demo" time="27.268" classname="Test Cases/Reschedule - Demo" status="PASSED">
         <system-out><![CDATA[2023-05-17 11:27:40 - [TEST_CASE][PASSED] - Test Cases/Reschedule - Demo: Test Cases/Reschedule - Demo

2023-05-17 11:27:41 - [TEST_STEP][PASSED] - openBrowser(""): Browser is opened with url: ''

2023-05-17 11:27:41 - [MESSAGE][INFO] - Starting 'Firefox' driver

2023-05-17 11:27:41 - [MESSAGE][INFO] - Action delay is set to 0 milliseconds

2023-05-17 11:27:44 - [MESSAGE][PASSED] - Browser is opened with url: ''

2023-05-17 11:27:44 - [TEST_STEP][PASSED] - navigateToUrl("https://qa.c2cassets.com/doctor/login"): Navigate to 'https://qa.c2cassets.com/doctor/login' successfully

2023-05-17 11:27:48 - [MESSAGE][PASSED] - Navigate to 'https://qa.c2cassets.com/doctor/login' successfully

2023-05-17 11:27:48 - [TEST_STEP][PASSED] - setText(findTestObject("Object Repository/Page_Connect2Clinic/input_Login to Virtual Clinic_OTP-input"), "8072536860"): Text '8072536860' is set on object 'Object Repository/Page_Connect2Clinic/input_Login to Virtual Clinic_OTP-input'

2023-05-17 11:27:49 - [MESSAGE][PASSED] - Text '8072536860' is set on object 'Object Repository/Page_Connect2Clinic/input_Login to Virtual Clinic_OTP-input'

2023-05-17 11:27:49 - [TEST_STEP][PASSED] - click(findTestObject("Object Repository/Page_Connect2Clinic/button_Continue")): Object: 'Object Repository/Page_Connect2Clinic/button_Continue' is clicked on

2023-05-17 11:27:50 - [MESSAGE][PASSED] - Object: 'Object Repository/Page_Connect2Clinic/button_Continue' is clicked on

2023-05-17 11:27:50 - [TEST_STEP][PASSED] - setEncryptedText(findTestObject("Object Repository/Page_Connect2Clinic/input_Edit_password-input"), "aeHFOx8jV/A="): Text ****** has been set on object 'Object Repository/Page_Connect2Clinic/input_Edit_password-input'

2023-05-17 11:27:51 - [MESSAGE][PASSED] - Text ****** has been set on object 'Object Repository/Page_Connect2Clinic/input_Edit_password-input'

2023-05-17 11:27:51 - [TEST_STEP][PASSED] - click(findTestObject("Object Repository/Page_Connect2Clinic/button_Login")): Object: 'Object Repository/Page_Connect2Clinic/button_Login' is clicked on

2023-05-17 11:27:52 - [MESSAGE][PASSED] - Object: 'Object Repository/Page_Connect2Clinic/button_Login' is clicked on

2023-05-17 11:27:52 - [TEST_STEP][PASSED] - click(findTestObject("Object Repository/Page_Connect2Clinic/button_No")): Object: 'Object Repository/Page_Connect2Clinic/button_No' is clicked on

2023-05-17 11:27:56 - [MESSAGE][PASSED] - Object: 'Object Repository/Page_Connect2Clinic/button_No' is clicked on

2023-05-17 11:27:56 - [TEST_STEP][PASSED] - click(findTestObject("Object Repository/Page_Connect2Clinic/div_5")): Object: 'Object Repository/Page_Connect2Clinic/div_5' is clicked on

2023-05-17 11:27:56 - [MESSAGE][PASSED] - Object: 'Object Repository/Page_Connect2Clinic/div_5' is clicked on

2023-05-17 11:27:56 - [TEST_STEP][PASSED] - click(findTestObject("Object Repository/Page_Connect2Clinic/svg_May 17, 2023_MuiSvgIcon-root")): Object: 'Object Repository/Page_Connect2Clinic/svg_May 17, 2023_MuiSvgIcon-root' is clicked on

2023-05-17 11:27:57 - [MESSAGE][PASSED] - Object: 'Object Repository/Page_Connect2Clinic/svg_May 17, 2023_MuiSvgIcon-root' is clicked on

2023-05-17 11:27:57 - [TEST_STEP][PASSED] - click(findTestObject("Object Repository/Page_Connect2Clinic/span_Reschedule")): Object: 'Object Repository/Page_Connect2Clinic/span_Reschedule' is clicked on

2023-05-17 11:27:58 - [MESSAGE][PASSED] - Object: 'Object Repository/Page_Connect2Clinic/span_Reschedule' is clicked on

2023-05-17 11:27:58 - [TEST_STEP][PASSED] - click(findTestObject("Object Repository/Page_Connect2Clinic/button_Reschedule to next available slot")): Object: 'Object Repository/Page_Connect2Clinic/button_Reschedule to next available slot' is clicked on

2023-05-17 11:27:59 - [MESSAGE][PASSED] - Object: 'Object Repository/Page_Connect2Clinic/button_Reschedule to next available slot' is clicked on

2023-05-17 11:27:59 - [TEST_STEP][PASSED] - click(findTestObject("Object Repository/Page_Connect2Clinic/button_Okay")): Object: 'Object Repository/Page_Connect2Clinic/button_Okay' is clicked on

2023-05-17 11:28:01 - [MESSAGE][PASSED] - Object: 'Object Repository/Page_Connect2Clinic/button_Okay' is clicked on

2023-05-17 11:28:01 - [TEST_STEP][PASSED] - click(findTestObject("Object Repository/Page_Connect2Clinic/svg_Delhi_MuiSvgIcon-root doctor-info-home-icon")): Object: 'Object Repository/Page_Connect2Clinic/svg_Delhi_MuiSvgIcon-root doctor-info-home-icon' is clicked on

2023-05-17 11:28:04 - [MESSAGE][PASSED] - Object: 'Object Repository/Page_Connect2Clinic/svg_Delhi_MuiSvgIcon-root doctor-info-home-icon' is clicked on

2023-05-17 11:28:04 - [TEST_STEP][PASSED] - click(findTestObject("Object Repository/Page_Connect2Clinic/div_My Account")): Object: 'Object Repository/Page_Connect2Clinic/div_My Account' is clicked on

2023-05-17 11:28:05 - [MESSAGE][PASSED] - Object: 'Object Repository/Page_Connect2Clinic/div_My Account' is clicked on

2023-05-17 11:28:05 - [TEST_STEP][PASSED] - click(findTestObject("Object Repository/Page_Connect2Clinic/a_Logout")): Object: 'Object Repository/Page_Connect2Clinic/a_Logout' is clicked on

2023-05-17 11:28:07 - [MESSAGE][PASSED] - Object: 'Object Repository/Page_Connect2Clinic/a_Logout' is clicked on

2023-05-17 11:28:07 - [TEST_STEP][PASSED] - closeBrowser(): Browser is closed

2023-05-17 11:28:08 - [MESSAGE][PASSED] - Browser is closed]]></system-out>
         <system-err><![CDATA[]]></system-err>
      </testcase>
      <testcase name="Test Cases/Reschedule 2 - Demo" time="36.722" classname="Test Cases/Reschedule 2 - Demo" status="PASSED">
         <system-out><![CDATA[2023-05-17 11:28:08 - [TEST_CASE][PASSED] - Test Cases/Reschedule 2 - Demo: Test Cases/Reschedule 2 - Demo

2023-05-17 11:28:08 - [TEST_STEP][PASSED] - openBrowser(""): Browser is opened with url: ''

2023-05-17 11:28:08 - [MESSAGE][INFO] - Starting 'Firefox' driver

2023-05-17 11:28:08 - [MESSAGE][INFO] - Action delay is set to 0 milliseconds

2023-05-17 11:28:11 - [MESSAGE][PASSED] - Browser is opened with url: ''

2023-05-17 11:28:11 - [TEST_STEP][PASSED] - maximizeWindow(): Current window maximized

2023-05-17 11:28:11 - [MESSAGE][PASSED] - Current window maximized

2023-05-17 11:28:11 - [TEST_STEP][PASSED] - closeBrowser(): Browser is closed

2023-05-17 11:28:13 - [MESSAGE][PASSED] - Browser is closed

2023-05-17 11:28:13 - [TEST_STEP][PASSED] - openBrowser(""): Browser is opened with url: ''

2023-05-17 11:28:13 - [MESSAGE][INFO] - Starting 'Firefox' driver

2023-05-17 11:28:13 - [MESSAGE][INFO] - Action delay is set to 0 milliseconds

2023-05-17 11:28:16 - [MESSAGE][PASSED] - Browser is opened with url: ''

2023-05-17 11:28:16 - [TEST_STEP][PASSED] - navigateToUrl("https://qa.c2cassets.com/doctor/login"): Navigate to 'https://qa.c2cassets.com/doctor/login' successfully

2023-05-17 11:28:20 - [MESSAGE][PASSED] - Navigate to 'https://qa.c2cassets.com/doctor/login' successfully

2023-05-17 11:28:20 - [TEST_STEP][PASSED] - setText(findTestObject("Object Repository/Page_Connect2Clinic/input_Login to Virtual Clinic_OTP-input"), "8072536860"): Text '8072536860' is set on object 'Object Repository/Page_Connect2Clinic/input_Login to Virtual Clinic_OTP-input'

2023-05-17 11:28:21 - [MESSAGE][PASSED] - Text '8072536860' is set on object 'Object Repository/Page_Connect2Clinic/input_Login to Virtual Clinic_OTP-input'

2023-05-17 11:28:21 - [TEST_STEP][PASSED] - click(findTestObject("Object Repository/Page_Connect2Clinic/button_Continue")): Object: 'Object Repository/Page_Connect2Clinic/button_Continue' is clicked on

2023-05-17 11:28:22 - [MESSAGE][PASSED] - Object: 'Object Repository/Page_Connect2Clinic/button_Continue' is clicked on

2023-05-17 11:28:22 - [TEST_STEP][PASSED] - setEncryptedText(findTestObject("Object Repository/Page_Connect2Clinic/input_Edit_password-input"), "aeHFOx8jV/A="): Text ****** has been set on object 'Object Repository/Page_Connect2Clinic/input_Edit_password-input'

2023-05-17 11:28:23 - [MESSAGE][PASSED] - Text ****** has been set on object 'Object Repository/Page_Connect2Clinic/input_Edit_password-input'

2023-05-17 11:28:23 - [TEST_STEP][PASSED] - click(findTestObject("Object Repository/Page_Connect2Clinic/button_Login")): Object: 'Object Repository/Page_Connect2Clinic/button_Login' is clicked on

2023-05-17 11:28:23 - [MESSAGE][PASSED] - Object: 'Object Repository/Page_Connect2Clinic/button_Login' is clicked on

2023-05-17 11:28:23 - [TEST_STEP][PASSED] - click(findTestObject("Object Repository/Page_Connect2Clinic/button_No")): Object: 'Object Repository/Page_Connect2Clinic/button_No' is clicked on

2023-05-17 11:28:28 - [MESSAGE][PASSED] - Object: 'Object Repository/Page_Connect2Clinic/button_No' is clicked on

2023-05-17 11:28:28 - [TEST_STEP][PASSED] - click(findTestObject("Object Repository/Page_Connect2Clinic/div_6")): Object: 'Object Repository/Page_Connect2Clinic/div_6' is clicked on

2023-05-17 11:28:29 - [MESSAGE][PASSED] - Object: 'Object Repository/Page_Connect2Clinic/div_6' is clicked on

2023-05-17 11:28:29 - [TEST_STEP][PASSED] - click(findTestObject("Object Repository/Page_Connect2Clinic/svg_May 17, 2023_MuiSvgIcon-root")): Object: 'Object Repository/Page_Connect2Clinic/svg_May 17, 2023_MuiSvgIcon-root' is clicked on

2023-05-17 11:28:29 - [MESSAGE][PASSED] - Object: 'Object Repository/Page_Connect2Clinic/svg_May 17, 2023_MuiSvgIcon-root' is clicked on

2023-05-17 11:28:29 - [TEST_STEP][PASSED] - click(findTestObject("Object Repository/Page_Connect2Clinic/span_Reschedule")): Object: 'Object Repository/Page_Connect2Clinic/span_Reschedule' is clicked on

2023-05-17 11:28:30 - [MESSAGE][PASSED] - Object: 'Object Repository/Page_Connect2Clinic/span_Reschedule' is clicked on

2023-05-17 11:28:30 - [TEST_STEP][PASSED] - click(findTestObject("Object Repository/Page_Connect2Clinic/button_Reschedule to any other slot")): Object: 'Object Repository/Page_Connect2Clinic/button_Reschedule to any other slot' is clicked on

2023-05-17 11:28:31 - [MESSAGE][PASSED] - Object: 'Object Repository/Page_Connect2Clinic/button_Reschedule to any other slot' is clicked on

2023-05-17 11:28:31 - [TEST_STEP][PASSED] - verifyElementVisible(findTestObject("Page_Connect2Clinic/button_Book")): Object 'Object Repository/Page_Connect2Clinic/button_Book' is visible

2023-05-17 11:28:32 - [MESSAGE][PASSED] - Object 'Object Repository/Page_Connect2Clinic/button_Book' is visible

2023-05-17 11:28:32 - [TEST_STEP][PASSED] - delay(3): Delayed 3 second(s)

2023-05-17 11:28:35 - [MESSAGE][PASSED] - Delayed 3 second(s)

2023-05-17 11:28:35 - [TEST_STEP][PASSED] - click(findTestObject("Object Repository/Page_Connect2Clinic/button_Book")): Object: 'Object Repository/Page_Connect2Clinic/button_Book' is clicked on

2023-05-17 11:28:36 - [MESSAGE][PASSED] - Object: 'Object Repository/Page_Connect2Clinic/button_Book' is clicked on

2023-05-17 11:28:36 - [TEST_STEP][PASSED] - click(findTestObject("Object Repository/Page_Connect2Clinic/button_Okay")): Object: 'Object Repository/Page_Connect2Clinic/button_Okay' is clicked on

2023-05-17 11:28:39 - [MESSAGE][PASSED] - Object: 'Object Repository/Page_Connect2Clinic/button_Okay' is clicked on

2023-05-17 11:28:39 - [TEST_STEP][PASSED] - click(findTestObject("Object Repository/Page_Connect2Clinic/svg_Delhi_MuiSvgIcon-root doctor-info-home-icon")): Object: 'Object Repository/Page_Connect2Clinic/svg_Delhi_MuiSvgIcon-root doctor-info-home-icon' is clicked on

2023-05-17 11:28:40 - [MESSAGE][PASSED] - Object: 'Object Repository/Page_Connect2Clinic/svg_Delhi_MuiSvgIcon-root doctor-info-home-icon' is clicked on

2023-05-17 11:28:40 - [TEST_STEP][PASSED] - click(findTestObject("Object Repository/Page_Connect2Clinic/div_My Account")): Object: 'Object Repository/Page_Connect2Clinic/div_My Account' is clicked on

2023-05-17 11:28:41 - [MESSAGE][PASSED] - Object: 'Object Repository/Page_Connect2Clinic/div_My Account' is clicked on

2023-05-17 11:28:41 - [TEST_STEP][PASSED] - click(findTestObject("Object Repository/Page_Connect2Clinic/a_Logout")): Object: 'Object Repository/Page_Connect2Clinic/a_Logout' is clicked on

2023-05-17 11:28:43 - [MESSAGE][PASSED] - Object: 'Object Repository/Page_Connect2Clinic/a_Logout' is clicked on

2023-05-17 11:28:43 - [TEST_STEP][PASSED] - closeBrowser(): Browser is closed

2023-05-17 11:28:44 - [MESSAGE][PASSED] - Browser is closed]]></system-out>
         <system-err><![CDATA[]]></system-err>
      </testcase>
      <system-out><![CDATA[2023-05-17 11:25:29 - [TEST_SUITE][PASSED] - C2C_TS1: Test Cases/Reschedule 2 - Demo]]></system-out>
      <system-err><![CDATA[]]></system-err>
   </testsuite>
</testsuites>
