<?xml version="1.0" encoding="UTF-8"?>
<testsuites name="C2C_TS1" time="242.469" tests="6" failures="0" errors="0">
   <testsuite name="C2C_TS1" tests="6" failures="0" errors="0" time="242.469" skipped="0" timestamp="2023-05-17 11:31:09" hostname="ThalluruSaiteja - DESKTOP-F8C937H" id="Test Suites/C2C_TS1">
      <properties>
         <property name="deviceName" value=""/>
         <property name="devicePlatform" value=""/>
         <property name="logFolder" value="C:\\Users\\ThalluruSaiteja\\Katalon Studio\\Connect2Clinic\\Reports\\20230517_113106\\C2C_TS1\\20230517_113106"/>
         <property name="logFiles" value="C:\\Users\\ThalluruSaiteja\\Katalon Studio\\Connect2Clinic\\Reports\\20230517_113106\\C2C_TS1\\20230517_113106\\execution0.log"/>
         <property name="attachments" value="C:\\Users\\ThalluruSaiteja\\Katalon Studio\\Connect2Clinic\\Reports\\20230517_113106\\C2C_TS1\\20230517_113106\\1684303280931.png, C:\\Users\\ThalluruSaiteja\\Katalon Studio\\Connect2Clinic\\Reports\\20230517_113106\\C2C_TS1\\20230517_113106\\1684303288562.png, C:\\Users\\ThalluruSaiteja\\Katalon Studio\\Connect2Clinic\\Reports\\20230517_113106\\C2C_TS1\\20230517_113106\\1684303293855.png"/>
         <property name="hostName" value="ThalluruSaiteja - DESKTOP-F8C937H"/>
         <property name="os" value="Windows 10 64bit"/>
         <property name="katalonVersion" value="8.5.5.208"/>
         <property name="browser" value="Firefox 113.0"/>
         <property name="hostAddress" value="192.168.1.4"/>
         <property name="sessionId" value="09931efb-21bf-4155-b7a3-0de87dc0a10a"/>
         <property name="seleniumVersion" value="3.141.59"/>
         <property name="proxyInformation" value="ProxyInformation { proxyOption=NO_PROXY, proxyServerType=HTTP, username=, password=********, proxyServerAddress=, proxyServerPort=0, executionList=&quot;&quot;, isApplyToDesiredCapabilities=true }"/>
         <property name="platform" value="Windows 10"/>
      </properties>
      <testcase name="Test Cases/Login - Demo" time="24.948" classname="Test Cases/Login - Demo" status="PASSED">
         <system-out><![CDATA[2023-05-17 11:31:10 - [TEST_CASE][PASSED] - Test Cases/Login - Demo: Test Cases/Login - Demo

2023-05-17 11:31:10 - [TEST_STEP][PASSED] - openBrowser(""): Browser is opened with url: ''

2023-05-17 11:31:11 - [MESSAGE][INFO] - Starting 'Firefox' driver

2023-05-17 11:31:11 - [MESSAGE][INFO] - Action delay is set to 0 milliseconds

2023-05-17 11:31:16 - [MESSAGE][PASSED] - Browser is opened with url: ''

2023-05-17 11:31:16 - [TEST_STEP][PASSED] - navigateToUrl("https://qa.c2cassets.com/doctor/login"): Navigate to 'https://qa.c2cassets.com/doctor/login' successfully

2023-05-17 11:31:20 - [MESSAGE][PASSED] - Navigate to 'https://qa.c2cassets.com/doctor/login' successfully

2023-05-17 11:31:20 - [TEST_STEP][PASSED] - takeScreenshot(): Taking screenshot successfully

2023-05-17 11:31:21 - [MESSAGE][PASSED] - Taking screenshot successfully
[[ATTACHMENT|C:\\Users\\ThalluruSaiteja\\Katalon Studio\\Connect2Clinic\\Reports\\20230517_113106\\C2C_TS1\\20230517_113106\\1684303280931.png]]

2023-05-17 11:31:21 - [TEST_STEP][PASSED] - setText(findTestObject("Object Repository/Page_Connect2Clinic/input_Login to Virtual Clinic_OTP-input"), "8072536860"): Text '8072536860' is set on object 'Object Repository/Page_Connect2Clinic/input_Login to Virtual Clinic_OTP-input'

2023-05-17 11:31:21 - [MESSAGE][PASSED] - Text '8072536860' is set on object 'Object Repository/Page_Connect2Clinic/input_Login to Virtual Clinic_OTP-input'

2023-05-17 11:31:21 - [TEST_STEP][PASSED] - click(findTestObject("Object Repository/Page_Connect2Clinic/button_Continue")): Object: 'Object Repository/Page_Connect2Clinic/button_Continue' is clicked on

2023-05-17 11:31:22 - [MESSAGE][PASSED] - Object: 'Object Repository/Page_Connect2Clinic/button_Continue' is clicked on

2023-05-17 11:31:22 - [TEST_STEP][PASSED] - setEncryptedText(findTestObject("Object Repository/Page_Connect2Clinic/input_Edit_password-input"), "aeHFOx8jV/A="): Text ****** has been set on object 'Object Repository/Page_Connect2Clinic/input_Edit_password-input'

2023-05-17 11:31:23 - [MESSAGE][PASSED] - Text ****** has been set on object 'Object Repository/Page_Connect2Clinic/input_Edit_password-input'

2023-05-17 11:31:23 - [TEST_STEP][PASSED] - click(findTestObject("Object Repository/Page_Connect2Clinic/button_Login")): Object: 'Object Repository/Page_Connect2Clinic/button_Login' is clicked on

2023-05-17 11:31:24 - [MESSAGE][PASSED] - Object: 'Object Repository/Page_Connect2Clinic/button_Login' is clicked on

2023-05-17 11:31:24 - [TEST_STEP][PASSED] - click(findTestObject("Object Repository/Page_Connect2Clinic/button_No")): Object: 'Object Repository/Page_Connect2Clinic/button_No' is clicked on

2023-05-17 11:31:27 - [MESSAGE][PASSED] - Object: 'Object Repository/Page_Connect2Clinic/button_No' is clicked on

2023-05-17 11:31:27 - [TEST_STEP][PASSED] - takeScreenshot(): Taking screenshot successfully

2023-05-17 11:31:28 - [MESSAGE][PASSED] - Taking screenshot successfully
[[ATTACHMENT|C:\\Users\\ThalluruSaiteja\\Katalon Studio\\Connect2Clinic\\Reports\\20230517_113106\\C2C_TS1\\20230517_113106\\1684303288562.png]]

2023-05-17 11:31:28 - [TEST_STEP][PASSED] - verifyElementVisible(findTestObject("Object Repository/Page_Connect2Clinic/p_Dr.Rakshana V")): Object 'Object Repository/Page_Connect2Clinic/p_Dr.Rakshana V' is visible

2023-05-17 11:31:29 - [MESSAGE][PASSED] - Object 'Object Repository/Page_Connect2Clinic/p_Dr.Rakshana V' is visible

2023-05-17 11:31:29 - [TEST_STEP][PASSED] - verifyElementVisible(findTestObject("Object Repository/Page_Connect2Clinic/span_Bangalore Clinic")): Object 'Object Repository/Page_Connect2Clinic/span_Bangalore Clinic' is visible

2023-05-17 11:31:29 - [MESSAGE][PASSED] - Object 'Object Repository/Page_Connect2Clinic/span_Bangalore Clinic' is visible

2023-05-17 11:31:29 - [TEST_STEP][PASSED] - click(findTestObject("Object Repository/Page_Connect2Clinic/svg_Delhi_MuiSvgIcon-root doctor-info-home-icon")): Object: 'Object Repository/Page_Connect2Clinic/svg_Delhi_MuiSvgIcon-root doctor-info-home-icon' is clicked on

2023-05-17 11:31:30 - [MESSAGE][PASSED] - Object: 'Object Repository/Page_Connect2Clinic/svg_Delhi_MuiSvgIcon-root doctor-info-home-icon' is clicked on

2023-05-17 11:31:30 - [TEST_STEP][PASSED] - click(findTestObject("Object Repository/Page_Connect2Clinic/div_My Account")): Object: 'Object Repository/Page_Connect2Clinic/div_My Account' is clicked on

2023-05-17 11:31:30 - [MESSAGE][PASSED] - Object: 'Object Repository/Page_Connect2Clinic/div_My Account' is clicked on

2023-05-17 11:31:30 - [TEST_STEP][PASSED] - click(findTestObject("Object Repository/Page_Connect2Clinic/a_Logout")): Object: 'Object Repository/Page_Connect2Clinic/a_Logout' is clicked on

2023-05-17 11:31:33 - [MESSAGE][PASSED] - Object: 'Object Repository/Page_Connect2Clinic/a_Logout' is clicked on

2023-05-17 11:31:33 - [TEST_STEP][PASSED] - takeScreenshot(): Taking screenshot successfully

2023-05-17 11:31:34 - [MESSAGE][PASSED] - Taking screenshot successfully
[[ATTACHMENT|C:\\Users\\ThalluruSaiteja\\Katalon Studio\\Connect2Clinic\\Reports\\20230517_113106\\C2C_TS1\\20230517_113106\\1684303293855.png]]

2023-05-17 11:31:34 - [TEST_STEP][PASSED] - closeBrowser(): Browser is closed

2023-05-17 11:31:35 - [MESSAGE][PASSED] - Browser is closed]]></system-out>
         <system-err><![CDATA[]]></system-err>
      </testcase>
      <testcase name="Test Cases/Book Appointment - Demo" time="39.63" classname="Test Cases/Book Appointment - Demo" status="PASSED">
         <system-out><![CDATA[2023-05-17 11:31:35 - [TEST_CASE][PASSED] - Test Cases/Book Appointment - Demo: Test Cases/Book Appointment - Demo

2023-05-17 11:31:35 - [TEST_STEP][PASSED] - openBrowser(""): Browser is opened with url: ''

2023-05-17 11:31:35 - [MESSAGE][INFO] - Starting 'Firefox' driver

2023-05-17 11:31:35 - [MESSAGE][INFO] - Action delay is set to 0 milliseconds

2023-05-17 11:31:39 - [MESSAGE][PASSED] - Browser is opened with url: ''

2023-05-17 11:31:39 - [TEST_STEP][PASSED] - maximizeWindow(): Current window maximized

2023-05-17 11:31:39 - [MESSAGE][PASSED] - Current window maximized

2023-05-17 11:31:39 - [TEST_STEP][PASSED] - navigateToUrl("https://qa.c2cassets.com/doctor/login"): Navigate to 'https://qa.c2cassets.com/doctor/login' successfully

2023-05-17 11:31:43 - [MESSAGE][PASSED] - Navigate to 'https://qa.c2cassets.com/doctor/login' successfully

2023-05-17 11:31:43 - [TEST_STEP][PASSED] - setText(findTestObject("Object Repository/Page_Connect2Clinic/input_Login to Virtual Clinic_OTP-input"), "8072536860"): Text '8072536860' is set on object 'Object Repository/Page_Connect2Clinic/input_Login to Virtual Clinic_OTP-input'

2023-05-17 11:31:44 - [MESSAGE][PASSED] - Text '8072536860' is set on object 'Object Repository/Page_Connect2Clinic/input_Login to Virtual Clinic_OTP-input'

2023-05-17 11:31:44 - [TEST_STEP][PASSED] - click(findTestObject("Object Repository/Page_Connect2Clinic/button_Continue")): Object: 'Object Repository/Page_Connect2Clinic/button_Continue' is clicked on

2023-05-17 11:31:45 - [MESSAGE][PASSED] - Object: 'Object Repository/Page_Connect2Clinic/button_Continue' is clicked on

2023-05-17 11:31:45 - [TEST_STEP][PASSED] - setEncryptedText(findTestObject("Object Repository/Page_Connect2Clinic/input_Edit_password-input"), "aeHFOx8jV/A="): Text ****** has been set on object 'Object Repository/Page_Connect2Clinic/input_Edit_password-input'

2023-05-17 11:31:46 - [MESSAGE][PASSED] - Text ****** has been set on object 'Object Repository/Page_Connect2Clinic/input_Edit_password-input'

2023-05-17 11:31:46 - [TEST_STEP][PASSED] - click(findTestObject("Object Repository/Page_Connect2Clinic/button_Login")): Object: 'Object Repository/Page_Connect2Clinic/button_Login' is clicked on

2023-05-17 11:31:46 - [MESSAGE][PASSED] - Object: 'Object Repository/Page_Connect2Clinic/button_Login' is clicked on

2023-05-17 11:31:46 - [TEST_STEP][PASSED] - click(findTestObject("Object Repository/Page_Connect2Clinic/button_No")): Object: 'Object Repository/Page_Connect2Clinic/button_No' is clicked on

2023-05-17 11:31:50 - [MESSAGE][PASSED] - Object: 'Object Repository/Page_Connect2Clinic/button_No' is clicked on

2023-05-17 11:31:50 - [TEST_STEP][PASSED] - click(findTestObject("Object Repository/Page_Connect2Clinic/button_Book Appointment")): Object: 'Object Repository/Page_Connect2Clinic/button_Book Appointment' is clicked on

2023-05-17 11:31:51 - [MESSAGE][PASSED] - Object: 'Object Repository/Page_Connect2Clinic/button_Book Appointment' is clicked on

2023-05-17 11:31:51 - [TEST_STEP][PASSED] - click(findTestObject("Object Repository/Page_Connect2Clinic/p_In-Clinic Consultation")): Object: 'Object Repository/Page_Connect2Clinic/p_In-Clinic Consultation' is clicked on

2023-05-17 11:31:51 - [MESSAGE][PASSED] - Object: 'Object Repository/Page_Connect2Clinic/p_In-Clinic Consultation' is clicked on

2023-05-17 11:31:51 - [TEST_STEP][PASSED] - delay(5): Delayed 5 second(s)

2023-05-17 11:31:56 - [MESSAGE][PASSED] - Delayed 5 second(s)

2023-05-17 11:31:56 - [TEST_STEP][PASSED] - verifyElementVisible(findTestObject("Object Repository/Page_Connect2Clinic/button_Save  Continue")): Object 'Object Repository/Page_Connect2Clinic/button_Save  Continue' is visible

2023-05-17 11:31:57 - [MESSAGE][PASSED] - Object 'Object Repository/Page_Connect2Clinic/button_Save  Continue' is visible

2023-05-17 11:31:57 - [TEST_STEP][PASSED] - click(findTestObject("Object Repository/Page_Connect2Clinic/button_Save  Continue")): Object: 'Object Repository/Page_Connect2Clinic/button_Save  Continue' is clicked on

2023-05-17 11:31:58 - [MESSAGE][PASSED] - Object: 'Object Repository/Page_Connect2Clinic/button_Save  Continue' is clicked on

2023-05-17 11:31:58 - [TEST_STEP][PASSED] - setText(findTestObject("Object Repository/Page_Connect2Clinic/input_Mobile Number_patient_no"), "8919396555"): Text '8919396555' is set on object 'Object Repository/Page_Connect2Clinic/input_Mobile Number_patient_no'

2023-05-17 11:32:00 - [MESSAGE][PASSED] - Text '8919396555' is set on object 'Object Repository/Page_Connect2Clinic/input_Mobile Number_patient_no'

2023-05-17 11:32:00 - [TEST_STEP][PASSED] - delay(3): Delayed 3 second(s)

2023-05-17 11:32:03 - [MESSAGE][PASSED] - Delayed 3 second(s)

2023-05-17 11:32:03 - [TEST_STEP][PASSED] - click(findTestObject("Object Repository/Page_Connect2Clinic/h5_Sai")): Object: 'Object Repository/Page_Connect2Clinic/h5_Sai' is clicked on

2023-05-17 11:32:04 - [MESSAGE][PASSED] - Object: 'Object Repository/Page_Connect2Clinic/h5_Sai' is clicked on

2023-05-17 11:32:04 - [TEST_STEP][PASSED] - scrollToPosition(9999999, 9999999): Browser is scrolled to position x = 9999999, y = 9999999

2023-05-17 11:32:04 - [MESSAGE][PASSED] - Browser is scrolled to position x = 9999999, y = 9999999

2023-05-17 11:32:04 - [TEST_STEP][PASSED] - verifyElementVisible(findTestObject("Object Repository/Page_Connect2Clinic/button_Save  Continue")): Object 'Object Repository/Page_Connect2Clinic/button_Save  Continue' is visible

2023-05-17 11:32:05 - [MESSAGE][PASSED] - Object 'Object Repository/Page_Connect2Clinic/button_Save  Continue' is visible

2023-05-17 11:32:05 - [TEST_STEP][PASSED] - click(findTestObject("Object Repository/Page_Connect2Clinic/button_Save  Continue")): Object: 'Object Repository/Page_Connect2Clinic/button_Save  Continue' is clicked on

2023-05-17 11:32:05 - [MESSAGE][PASSED] - Object: 'Object Repository/Page_Connect2Clinic/button_Save  Continue' is clicked on

2023-05-17 11:32:05 - [TEST_STEP][PASSED] - click(findTestObject("Object Repository/Page_Connect2Clinic/button_Pay at Clinic")): Object: 'Object Repository/Page_Connect2Clinic/button_Pay at Clinic' is clicked on

2023-05-17 11:32:07 - [MESSAGE][PASSED] - Object: 'Object Repository/Page_Connect2Clinic/button_Pay at Clinic' is clicked on

2023-05-17 11:32:07 - [TEST_STEP][PASSED] - click(findTestObject("Object Repository/Page_Connect2Clinic/button_Proceed")): Object: 'Object Repository/Page_Connect2Clinic/button_Proceed' is clicked on

2023-05-17 11:32:08 - [MESSAGE][PASSED] - Object: 'Object Repository/Page_Connect2Clinic/button_Proceed' is clicked on

2023-05-17 11:32:08 - [TEST_STEP][PASSED] - delay(5): Delayed 5 second(s)

2023-05-17 11:32:13 - [MESSAGE][PASSED] - Delayed 5 second(s)

2023-05-17 11:32:13 - [TEST_STEP][PASSED] - closeBrowser(): Browser is closed

2023-05-17 11:32:14 - [MESSAGE][PASSED] - Browser is closed]]></system-out>
         <system-err><![CDATA[]]></system-err>
      </testcase>
      <testcase name="Test Cases/Cancel Appointment - Demo" time="55.267" classname="Test Cases/Cancel Appointment - Demo" status="PASSED">
         <system-out><![CDATA[2023-05-17 11:32:14 - [TEST_CASE][PASSED] - Test Cases/Cancel Appointment - Demo: Test Cases/Cancel Appointment - Demo

2023-05-17 11:32:15 - [TEST_STEP][PASSED] - openBrowser(""): Browser is opened with url: ''

2023-05-17 11:32:15 - [MESSAGE][INFO] - Starting 'Firefox' driver

2023-05-17 11:32:15 - [MESSAGE][INFO] - Action delay is set to 0 milliseconds

2023-05-17 11:32:23 - [MESSAGE][PASSED] - Browser is opened with url: ''

2023-05-17 11:32:23 - [TEST_STEP][PASSED] - maximizeWindow(): Current window maximized

2023-05-17 11:32:23 - [MESSAGE][PASSED] - Current window maximized

2023-05-17 11:32:23 - [TEST_STEP][PASSED] - navigateToUrl("https://qa.c2cassets.com/doctor/login"): Navigate to 'https://qa.c2cassets.com/doctor/login' successfully

2023-05-17 11:32:31 - [MESSAGE][PASSED] - Navigate to 'https://qa.c2cassets.com/doctor/login' successfully

2023-05-17 11:32:31 - [TEST_STEP][PASSED] - setText(findTestObject("Object Repository/Page_Connect2Clinic/input_Login to Virtual Clinic_OTP-input"), "8072536860"): Text '8072536860' is set on object 'Object Repository/Page_Connect2Clinic/input_Login to Virtual Clinic_OTP-input'

2023-05-17 11:32:32 - [MESSAGE][PASSED] - Text '8072536860' is set on object 'Object Repository/Page_Connect2Clinic/input_Login to Virtual Clinic_OTP-input'

2023-05-17 11:32:32 - [TEST_STEP][PASSED] - click(findTestObject("Object Repository/Page_Connect2Clinic/button_Continue")): Object: 'Object Repository/Page_Connect2Clinic/button_Continue' is clicked on

2023-05-17 11:32:33 - [MESSAGE][PASSED] - Object: 'Object Repository/Page_Connect2Clinic/button_Continue' is clicked on

2023-05-17 11:32:33 - [TEST_STEP][PASSED] - setEncryptedText(findTestObject("Object Repository/Page_Connect2Clinic/input_Edit_password-input"), "aeHFOx8jV/A="): Text ****** has been set on object 'Object Repository/Page_Connect2Clinic/input_Edit_password-input'

2023-05-17 11:32:34 - [MESSAGE][PASSED] - Text ****** has been set on object 'Object Repository/Page_Connect2Clinic/input_Edit_password-input'

2023-05-17 11:32:34 - [TEST_STEP][PASSED] - click(findTestObject("Object Repository/Page_Connect2Clinic/button_Login")): Object: 'Object Repository/Page_Connect2Clinic/button_Login' is clicked on

2023-05-17 11:32:35 - [MESSAGE][PASSED] - Object: 'Object Repository/Page_Connect2Clinic/button_Login' is clicked on

2023-05-17 11:32:35 - [TEST_STEP][PASSED] - click(findTestObject("Object Repository/Page_Connect2Clinic/button_No")): Object: 'Object Repository/Page_Connect2Clinic/button_No' is clicked on

2023-05-17 11:32:39 - [MESSAGE][PASSED] - Object: 'Object Repository/Page_Connect2Clinic/button_No' is clicked on

2023-05-17 11:32:39 - [TEST_STEP][PASSED] - click(findTestObject("Object Repository/Page_Connect2Clinic/div_9")): Object: 'Object Repository/Page_Connect2Clinic/div_9' is clicked on

2023-05-17 11:32:40 - [MESSAGE][PASSED] - Object: 'Object Repository/Page_Connect2Clinic/div_9' is clicked on

2023-05-17 11:32:40 - [TEST_STEP][PASSED] - click(findTestObject("Object Repository/Page_Connect2Clinic/svg_May 17, 2023_MuiSvgIcon-root")): Object: 'Object Repository/Page_Connect2Clinic/svg_May 17, 2023_MuiSvgIcon-root' is clicked on

2023-05-17 11:32:40 - [MESSAGE][PASSED] - Object: 'Object Repository/Page_Connect2Clinic/svg_May 17, 2023_MuiSvgIcon-root' is clicked on

2023-05-17 11:32:40 - [TEST_STEP][PASSED] - click(findTestObject("Object Repository/Page_Connect2Clinic/div_Cancel")): Object: 'Object Repository/Page_Connect2Clinic/div_Cancel' is clicked on

2023-05-17 11:32:41 - [MESSAGE][PASSED] - Object: 'Object Repository/Page_Connect2Clinic/div_Cancel' is clicked on

2023-05-17 11:32:41 - [TEST_STEP][PASSED] - click(findTestObject("Object Repository/Page_Connect2Clinic/div_Cancellation Reason")): Object: 'Object Repository/Page_Connect2Clinic/div_Cancellation Reason' is clicked on

2023-05-17 11:32:44 - [MESSAGE][PASSED] - Object: 'Object Repository/Page_Connect2Clinic/div_Cancellation Reason' is clicked on

2023-05-17 11:32:44 - [TEST_STEP][PASSED] - click(findTestObject("Object Repository/Page_Connect2Clinic/div_Patient requested to Reschedule")): Object: 'Object Repository/Page_Connect2Clinic/div_Patient requested to Reschedule' is clicked on

2023-05-17 11:32:45 - [MESSAGE][PASSED] - Object: 'Object Repository/Page_Connect2Clinic/div_Patient requested to Reschedule' is clicked on

2023-05-17 11:32:45 - [TEST_STEP][PASSED] - click(findTestObject("Object Repository/Page_Connect2Clinic/div_Yes")): Object: 'Object Repository/Page_Connect2Clinic/div_Yes' is clicked on

2023-05-17 11:32:46 - [MESSAGE][PASSED] - Object: 'Object Repository/Page_Connect2Clinic/div_Yes' is clicked on

2023-05-17 11:32:46 - [TEST_STEP][PASSED] - delay(3): Delayed 3 second(s)

2023-05-17 11:32:49 - [MESSAGE][PASSED] - Delayed 3 second(s)

2023-05-17 11:32:49 - [TEST_STEP][PASSED] - click(findTestObject("Object Repository/Page_Connect2Clinic/div_Okay")): Object: 'Object Repository/Page_Connect2Clinic/div_Okay' is clicked on

2023-05-17 11:32:54 - [MESSAGE][PASSED] - Object: 'Object Repository/Page_Connect2Clinic/div_Okay' is clicked on

2023-05-17 11:32:54 - [TEST_STEP][PASSED] - click(findTestObject("Object Repository/Page_Connect2Clinic/svg_Delhi_MuiSvgIcon-root doctor-info-home-icon")): Object: 'Object Repository/Page_Connect2Clinic/svg_Delhi_MuiSvgIcon-root doctor-info-home-icon' is clicked on

2023-05-17 11:32:56 - [MESSAGE][PASSED] - Object: 'Object Repository/Page_Connect2Clinic/svg_Delhi_MuiSvgIcon-root doctor-info-home-icon' is clicked on

2023-05-17 11:32:56 - [TEST_STEP][PASSED] - click(findTestObject("Object Repository/Page_Connect2Clinic/div_My Account")): Object: 'Object Repository/Page_Connect2Clinic/div_My Account' is clicked on

2023-05-17 11:32:57 - [MESSAGE][PASSED] - Object: 'Object Repository/Page_Connect2Clinic/div_My Account' is clicked on

2023-05-17 11:32:57 - [TEST_STEP][PASSED] - click(findTestObject("Object Repository/Page_Connect2Clinic/a_Logout")): Object: 'Object Repository/Page_Connect2Clinic/a_Logout' is clicked on

2023-05-17 11:33:05 - [MESSAGE][PASSED] - Object: 'Object Repository/Page_Connect2Clinic/a_Logout' is clicked on

2023-05-17 11:33:05 - [TEST_STEP][PASSED] - closeBrowser(): Browser is closed

2023-05-17 11:33:10 - [MESSAGE][PASSED] - Browser is closed]]></system-out>
         <system-err><![CDATA[]]></system-err>
      </testcase>
      <testcase name="Test Cases/Mark No show - Demo" time="35.241" classname="Test Cases/Mark No show - Demo" status="PASSED">
         <system-out><![CDATA[2023-05-17 11:33:10 - [TEST_CASE][PASSED] - Test Cases/Mark No show - Demo: Test Cases/Mark No show - Demo

2023-05-17 11:33:11 - [TEST_STEP][PASSED] - openBrowser(""): Browser is opened with url: ''

2023-05-17 11:33:11 - [MESSAGE][INFO] - Starting 'Firefox' driver

2023-05-17 11:33:11 - [MESSAGE][INFO] - Action delay is set to 0 milliseconds

2023-05-17 11:33:17 - [MESSAGE][PASSED] - Browser is opened with url: ''

2023-05-17 11:33:17 - [TEST_STEP][PASSED] - maximizeWindow(): Current window maximized

2023-05-17 11:33:17 - [MESSAGE][PASSED] - Current window maximized

2023-05-17 11:33:17 - [TEST_STEP][PASSED] - navigateToUrl("https://qa.c2cassets.com/doctor/login"): Navigate to 'https://qa.c2cassets.com/doctor/login' successfully

2023-05-17 11:33:24 - [MESSAGE][PASSED] - Navigate to 'https://qa.c2cassets.com/doctor/login' successfully

2023-05-17 11:33:24 - [TEST_STEP][PASSED] - setText(findTestObject("Object Repository/Page_Connect2Clinic/input_Login to Virtual Clinic_OTP-input"), "8072536860"): Text '8072536860' is set on object 'Object Repository/Page_Connect2Clinic/input_Login to Virtual Clinic_OTP-input'

2023-05-17 11:33:24 - [MESSAGE][PASSED] - Text '8072536860' is set on object 'Object Repository/Page_Connect2Clinic/input_Login to Virtual Clinic_OTP-input'

2023-05-17 11:33:24 - [TEST_STEP][PASSED] - click(findTestObject("Object Repository/Page_Connect2Clinic/button_Continue")): Object: 'Object Repository/Page_Connect2Clinic/button_Continue' is clicked on

2023-05-17 11:33:25 - [MESSAGE][PASSED] - Object: 'Object Repository/Page_Connect2Clinic/button_Continue' is clicked on

2023-05-17 11:33:25 - [TEST_STEP][PASSED] - setEncryptedText(findTestObject("Object Repository/Page_Connect2Clinic/input_Edit_password-input"), "aeHFOx8jV/A="): Text ****** has been set on object 'Object Repository/Page_Connect2Clinic/input_Edit_password-input'

2023-05-17 11:33:26 - [MESSAGE][PASSED] - Text ****** has been set on object 'Object Repository/Page_Connect2Clinic/input_Edit_password-input'

2023-05-17 11:33:26 - [TEST_STEP][PASSED] - click(findTestObject("Object Repository/Page_Connect2Clinic/button_Login")): Object: 'Object Repository/Page_Connect2Clinic/button_Login' is clicked on

2023-05-17 11:33:27 - [MESSAGE][PASSED] - Object: 'Object Repository/Page_Connect2Clinic/button_Login' is clicked on

2023-05-17 11:33:27 - [TEST_STEP][PASSED] - click(findTestObject("Object Repository/Page_Connect2Clinic/button_No")): Object: 'Object Repository/Page_Connect2Clinic/button_No' is clicked on

2023-05-17 11:33:30 - [MESSAGE][PASSED] - Object: 'Object Repository/Page_Connect2Clinic/button_No' is clicked on

2023-05-17 11:33:30 - [TEST_STEP][PASSED] - click(findTestObject("Object Repository/Page_Connect2Clinic/div_6")): Object: 'Object Repository/Page_Connect2Clinic/div_6' is clicked on

2023-05-17 11:33:31 - [MESSAGE][PASSED] - Object: 'Object Repository/Page_Connect2Clinic/div_6' is clicked on

2023-05-17 11:33:31 - [TEST_STEP][PASSED] - click(findTestObject("Object Repository/Page_Connect2Clinic/svg_May 17, 2023_MuiSvgIcon-root")): Object: 'Object Repository/Page_Connect2Clinic/svg_May 17, 2023_MuiSvgIcon-root' is clicked on

2023-05-17 11:33:32 - [MESSAGE][PASSED] - Object: 'Object Repository/Page_Connect2Clinic/svg_May 17, 2023_MuiSvgIcon-root' is clicked on

2023-05-17 11:33:32 - [TEST_STEP][PASSED] - click(findTestObject("Object Repository/Page_Connect2Clinic/div_Mark No Show")): Object: 'Object Repository/Page_Connect2Clinic/div_Mark No Show' is clicked on

2023-05-17 11:33:33 - [MESSAGE][PASSED] - Object: 'Object Repository/Page_Connect2Clinic/div_Mark No Show' is clicked on

2023-05-17 11:33:33 - [TEST_STEP][PASSED] - click(findTestObject("Object Repository/Page_Connect2Clinic/button_Confirm")): Object: 'Object Repository/Page_Connect2Clinic/button_Confirm' is clicked on

2023-05-17 11:33:34 - [MESSAGE][PASSED] - Object: 'Object Repository/Page_Connect2Clinic/button_Confirm' is clicked on

2023-05-17 11:33:34 - [TEST_STEP][PASSED] - click(findTestObject("Object Repository/Page_Connect2Clinic/button_OK")): Object: 'Object Repository/Page_Connect2Clinic/button_OK' is clicked on

2023-05-17 11:33:39 - [MESSAGE][PASSED] - Object: 'Object Repository/Page_Connect2Clinic/button_OK' is clicked on

2023-05-17 11:33:39 - [TEST_STEP][PASSED] - click(findTestObject("Object Repository/Page_Connect2Clinic/svg_Delhi_MuiSvgIcon-root doctor-info-home-icon")): Object: 'Object Repository/Page_Connect2Clinic/svg_Delhi_MuiSvgIcon-root doctor-info-home-icon' is clicked on

2023-05-17 11:33:40 - [MESSAGE][PASSED] - Object: 'Object Repository/Page_Connect2Clinic/svg_Delhi_MuiSvgIcon-root doctor-info-home-icon' is clicked on

2023-05-17 11:33:40 - [TEST_STEP][PASSED] - click(findTestObject("Object Repository/Page_Connect2Clinic/div_My Account")): Object: 'Object Repository/Page_Connect2Clinic/div_My Account' is clicked on

2023-05-17 11:33:41 - [MESSAGE][PASSED] - Object: 'Object Repository/Page_Connect2Clinic/div_My Account' is clicked on

2023-05-17 11:33:41 - [TEST_STEP][PASSED] - click(findTestObject("Object Repository/Page_Connect2Clinic/a_Logout")): Object: 'Object Repository/Page_Connect2Clinic/a_Logout' is clicked on

2023-05-17 11:33:43 - [MESSAGE][PASSED] - Object: 'Object Repository/Page_Connect2Clinic/a_Logout' is clicked on

2023-05-17 11:33:43 - [TEST_STEP][PASSED] - closeBrowser(): Browser is closed

2023-05-17 11:33:45 - [MESSAGE][PASSED] - Browser is closed]]></system-out>
         <system-err><![CDATA[]]></system-err>
      </testcase>
      <testcase name="Test Cases/Reschedule - Demo" time="30.426" classname="Test Cases/Reschedule - Demo" status="PASSED">
         <system-out><![CDATA[2023-05-17 11:33:45 - [TEST_CASE][PASSED] - Test Cases/Reschedule - Demo: Test Cases/Reschedule - Demo

2023-05-17 11:33:46 - [TEST_STEP][PASSED] - openBrowser(""): Browser is opened with url: ''

2023-05-17 11:33:46 - [MESSAGE][INFO] - Starting 'Firefox' driver

2023-05-17 11:33:46 - [MESSAGE][INFO] - Action delay is set to 0 milliseconds

2023-05-17 11:33:50 - [MESSAGE][PASSED] - Browser is opened with url: ''

2023-05-17 11:33:50 - [TEST_STEP][PASSED] - navigateToUrl("https://qa.c2cassets.com/doctor/login"): Navigate to 'https://qa.c2cassets.com/doctor/login' successfully

2023-05-17 11:33:55 - [MESSAGE][PASSED] - Navigate to 'https://qa.c2cassets.com/doctor/login' successfully

2023-05-17 11:33:55 - [TEST_STEP][PASSED] - setText(findTestObject("Object Repository/Page_Connect2Clinic/input_Login to Virtual Clinic_OTP-input"), "8072536860"): Text '8072536860' is set on object 'Object Repository/Page_Connect2Clinic/input_Login to Virtual Clinic_OTP-input'

2023-05-17 11:33:55 - [MESSAGE][PASSED] - Text '8072536860' is set on object 'Object Repository/Page_Connect2Clinic/input_Login to Virtual Clinic_OTP-input'

2023-05-17 11:33:55 - [TEST_STEP][PASSED] - click(findTestObject("Object Repository/Page_Connect2Clinic/button_Continue")): Object: 'Object Repository/Page_Connect2Clinic/button_Continue' is clicked on

2023-05-17 11:33:56 - [MESSAGE][PASSED] - Object: 'Object Repository/Page_Connect2Clinic/button_Continue' is clicked on

2023-05-17 11:33:56 - [TEST_STEP][PASSED] - setEncryptedText(findTestObject("Object Repository/Page_Connect2Clinic/input_Edit_password-input"), "aeHFOx8jV/A="): Text ****** has been set on object 'Object Repository/Page_Connect2Clinic/input_Edit_password-input'

2023-05-17 11:33:57 - [MESSAGE][PASSED] - Text ****** has been set on object 'Object Repository/Page_Connect2Clinic/input_Edit_password-input'

2023-05-17 11:33:57 - [TEST_STEP][PASSED] - click(findTestObject("Object Repository/Page_Connect2Clinic/button_Login")): Object: 'Object Repository/Page_Connect2Clinic/button_Login' is clicked on

2023-05-17 11:33:58 - [MESSAGE][PASSED] - Object: 'Object Repository/Page_Connect2Clinic/button_Login' is clicked on

2023-05-17 11:33:58 - [TEST_STEP][PASSED] - click(findTestObject("Object Repository/Page_Connect2Clinic/button_No")): Object: 'Object Repository/Page_Connect2Clinic/button_No' is clicked on

2023-05-17 11:34:01 - [MESSAGE][PASSED] - Object: 'Object Repository/Page_Connect2Clinic/button_No' is clicked on

2023-05-17 11:34:01 - [TEST_STEP][PASSED] - click(findTestObject("Object Repository/Page_Connect2Clinic/div_5")): Object: 'Object Repository/Page_Connect2Clinic/div_5' is clicked on

2023-05-17 11:34:02 - [MESSAGE][PASSED] - Object: 'Object Repository/Page_Connect2Clinic/div_5' is clicked on

2023-05-17 11:34:02 - [TEST_STEP][PASSED] - click(findTestObject("Object Repository/Page_Connect2Clinic/svg_May 17, 2023_MuiSvgIcon-root")): Object: 'Object Repository/Page_Connect2Clinic/svg_May 17, 2023_MuiSvgIcon-root' is clicked on

2023-05-17 11:34:03 - [MESSAGE][PASSED] - Object: 'Object Repository/Page_Connect2Clinic/svg_May 17, 2023_MuiSvgIcon-root' is clicked on

2023-05-17 11:34:03 - [TEST_STEP][PASSED] - click(findTestObject("Object Repository/Page_Connect2Clinic/span_Reschedule")): Object: 'Object Repository/Page_Connect2Clinic/span_Reschedule' is clicked on

2023-05-17 11:34:03 - [MESSAGE][PASSED] - Object: 'Object Repository/Page_Connect2Clinic/span_Reschedule' is clicked on

2023-05-17 11:34:03 - [TEST_STEP][PASSED] - click(findTestObject("Object Repository/Page_Connect2Clinic/button_Reschedule to next available slot")): Object: 'Object Repository/Page_Connect2Clinic/button_Reschedule to next available slot' is clicked on

2023-05-17 11:34:05 - [MESSAGE][PASSED] - Object: 'Object Repository/Page_Connect2Clinic/button_Reschedule to next available slot' is clicked on

2023-05-17 11:34:05 - [TEST_STEP][PASSED] - click(findTestObject("Object Repository/Page_Connect2Clinic/button_Okay")): Object: 'Object Repository/Page_Connect2Clinic/button_Okay' is clicked on

2023-05-17 11:34:07 - [MESSAGE][PASSED] - Object: 'Object Repository/Page_Connect2Clinic/button_Okay' is clicked on

2023-05-17 11:34:07 - [TEST_STEP][PASSED] - click(findTestObject("Object Repository/Page_Connect2Clinic/svg_Delhi_MuiSvgIcon-root doctor-info-home-icon")): Object: 'Object Repository/Page_Connect2Clinic/svg_Delhi_MuiSvgIcon-root doctor-info-home-icon' is clicked on

2023-05-17 11:34:09 - [MESSAGE][PASSED] - Object: 'Object Repository/Page_Connect2Clinic/svg_Delhi_MuiSvgIcon-root doctor-info-home-icon' is clicked on

2023-05-17 11:34:09 - [TEST_STEP][PASSED] - click(findTestObject("Object Repository/Page_Connect2Clinic/div_My Account")): Object: 'Object Repository/Page_Connect2Clinic/div_My Account' is clicked on

2023-05-17 11:34:10 - [MESSAGE][PASSED] - Object: 'Object Repository/Page_Connect2Clinic/div_My Account' is clicked on

2023-05-17 11:34:10 - [TEST_STEP][PASSED] - click(findTestObject("Object Repository/Page_Connect2Clinic/a_Logout")): Object: 'Object Repository/Page_Connect2Clinic/a_Logout' is clicked on

2023-05-17 11:34:13 - [MESSAGE][PASSED] - Object: 'Object Repository/Page_Connect2Clinic/a_Logout' is clicked on

2023-05-17 11:34:13 - [TEST_STEP][PASSED] - closeBrowser(): Browser is closed

2023-05-17 11:34:15 - [MESSAGE][PASSED] - Browser is closed]]></system-out>
         <system-err><![CDATA[]]></system-err>
      </testcase>
      <testcase name="Test Cases/Reschedule 2 - Demo" time="56.524" classname="Test Cases/Reschedule 2 - Demo" status="PASSED">
         <system-out><![CDATA[2023-05-17 11:34:15 - [TEST_CASE][PASSED] - Test Cases/Reschedule 2 - Demo: Test Cases/Reschedule 2 - Demo

2023-05-17 11:34:16 - [TEST_STEP][PASSED] - openBrowser(""): Browser is opened with url: ''

2023-05-17 11:34:16 - [MESSAGE][INFO] - Starting 'Firefox' driver

2023-05-17 11:34:16 - [MESSAGE][INFO] - Action delay is set to 0 milliseconds

2023-05-17 11:34:22 - [MESSAGE][PASSED] - Browser is opened with url: ''

2023-05-17 11:34:22 - [TEST_STEP][PASSED] - maximizeWindow(): Current window maximized

2023-05-17 11:34:22 - [MESSAGE][PASSED] - Current window maximized

2023-05-17 11:34:22 - [TEST_STEP][PASSED] - closeBrowser(): Browser is closed

2023-05-17 11:34:24 - [MESSAGE][PASSED] - Browser is closed

2023-05-17 11:34:24 - [TEST_STEP][PASSED] - openBrowser(""): Browser is opened with url: ''

2023-05-17 11:34:24 - [MESSAGE][INFO] - Starting 'Firefox' driver

2023-05-17 11:34:24 - [MESSAGE][INFO] - Action delay is set to 0 milliseconds

2023-05-17 11:34:31 - [MESSAGE][PASSED] - Browser is opened with url: ''

2023-05-17 11:34:31 - [TEST_STEP][PASSED] - navigateToUrl("https://qa.c2cassets.com/doctor/login"): Navigate to 'https://qa.c2cassets.com/doctor/login' successfully

2023-05-17 11:34:38 - [MESSAGE][PASSED] - Navigate to 'https://qa.c2cassets.com/doctor/login' successfully

2023-05-17 11:34:38 - [TEST_STEP][PASSED] - setText(findTestObject("Object Repository/Page_Connect2Clinic/input_Login to Virtual Clinic_OTP-input"), "8072536860"): Text '8072536860' is set on object 'Object Repository/Page_Connect2Clinic/input_Login to Virtual Clinic_OTP-input'

2023-05-17 11:34:39 - [MESSAGE][PASSED] - Text '8072536860' is set on object 'Object Repository/Page_Connect2Clinic/input_Login to Virtual Clinic_OTP-input'

2023-05-17 11:34:39 - [TEST_STEP][PASSED] - click(findTestObject("Object Repository/Page_Connect2Clinic/button_Continue")): Object: 'Object Repository/Page_Connect2Clinic/button_Continue' is clicked on

2023-05-17 11:34:40 - [MESSAGE][PASSED] - Object: 'Object Repository/Page_Connect2Clinic/button_Continue' is clicked on

2023-05-17 11:34:40 - [TEST_STEP][PASSED] - setEncryptedText(findTestObject("Object Repository/Page_Connect2Clinic/input_Edit_password-input"), "aeHFOx8jV/A="): Text ****** has been set on object 'Object Repository/Page_Connect2Clinic/input_Edit_password-input'

2023-05-17 11:34:41 - [MESSAGE][PASSED] - Text ****** has been set on object 'Object Repository/Page_Connect2Clinic/input_Edit_password-input'

2023-05-17 11:34:41 - [TEST_STEP][PASSED] - click(findTestObject("Object Repository/Page_Connect2Clinic/button_Login")): Object: 'Object Repository/Page_Connect2Clinic/button_Login' is clicked on

2023-05-17 11:34:42 - [MESSAGE][PASSED] - Object: 'Object Repository/Page_Connect2Clinic/button_Login' is clicked on

2023-05-17 11:34:42 - [TEST_STEP][PASSED] - click(findTestObject("Object Repository/Page_Connect2Clinic/button_No")): Object: 'Object Repository/Page_Connect2Clinic/button_No' is clicked on

2023-05-17 11:34:46 - [MESSAGE][PASSED] - Object: 'Object Repository/Page_Connect2Clinic/button_No' is clicked on

2023-05-17 11:34:46 - [TEST_STEP][PASSED] - click(findTestObject("Object Repository/Page_Connect2Clinic/div_6")): Object: 'Object Repository/Page_Connect2Clinic/div_6' is clicked on

2023-05-17 11:34:47 - [MESSAGE][PASSED] - Object: 'Object Repository/Page_Connect2Clinic/div_6' is clicked on

2023-05-17 11:34:47 - [TEST_STEP][PASSED] - click(findTestObject("Object Repository/Page_Connect2Clinic/svg_May 17, 2023_MuiSvgIcon-root")): Object: 'Object Repository/Page_Connect2Clinic/svg_May 17, 2023_MuiSvgIcon-root' is clicked on

2023-05-17 11:34:48 - [MESSAGE][PASSED] - Object: 'Object Repository/Page_Connect2Clinic/svg_May 17, 2023_MuiSvgIcon-root' is clicked on

2023-05-17 11:34:48 - [TEST_STEP][PASSED] - click(findTestObject("Object Repository/Page_Connect2Clinic/span_Reschedule")): Object: 'Object Repository/Page_Connect2Clinic/span_Reschedule' is clicked on

2023-05-17 11:34:49 - [MESSAGE][PASSED] - Object: 'Object Repository/Page_Connect2Clinic/span_Reschedule' is clicked on

2023-05-17 11:34:49 - [TEST_STEP][PASSED] - click(findTestObject("Object Repository/Page_Connect2Clinic/button_Reschedule to any other slot")): Object: 'Object Repository/Page_Connect2Clinic/button_Reschedule to any other slot' is clicked on

2023-05-17 11:34:51 - [MESSAGE][PASSED] - Object: 'Object Repository/Page_Connect2Clinic/button_Reschedule to any other slot' is clicked on

2023-05-17 11:34:51 - [TEST_STEP][PASSED] - verifyElementVisible(findTestObject("Page_Connect2Clinic/button_Book")): Object 'Object Repository/Page_Connect2Clinic/button_Book' is visible

2023-05-17 11:34:52 - [MESSAGE][PASSED] - Object 'Object Repository/Page_Connect2Clinic/button_Book' is visible

2023-05-17 11:34:52 - [TEST_STEP][PASSED] - delay(3): Delayed 3 second(s)

2023-05-17 11:34:55 - [MESSAGE][PASSED] - Delayed 3 second(s)

2023-05-17 11:34:55 - [TEST_STEP][PASSED] - click(findTestObject("Object Repository/Page_Connect2Clinic/button_Book")): Object: 'Object Repository/Page_Connect2Clinic/button_Book' is clicked on

2023-05-17 11:34:56 - [MESSAGE][PASSED] - Object: 'Object Repository/Page_Connect2Clinic/button_Book' is clicked on

2023-05-17 11:34:56 - [TEST_STEP][PASSED] - click(findTestObject("Object Repository/Page_Connect2Clinic/button_Okay")): Object: 'Object Repository/Page_Connect2Clinic/button_Okay' is clicked on

2023-05-17 11:35:01 - [MESSAGE][PASSED] - Object: 'Object Repository/Page_Connect2Clinic/button_Okay' is clicked on

2023-05-17 11:35:01 - [TEST_STEP][PASSED] - click(findTestObject("Object Repository/Page_Connect2Clinic/svg_Delhi_MuiSvgIcon-root doctor-info-home-icon")): Object: 'Object Repository/Page_Connect2Clinic/svg_Delhi_MuiSvgIcon-root doctor-info-home-icon' is clicked on

2023-05-17 11:35:03 - [MESSAGE][PASSED] - Object: 'Object Repository/Page_Connect2Clinic/svg_Delhi_MuiSvgIcon-root doctor-info-home-icon' is clicked on

2023-05-17 11:35:03 - [TEST_STEP][PASSED] - click(findTestObject("Object Repository/Page_Connect2Clinic/div_My Account")): Object: 'Object Repository/Page_Connect2Clinic/div_My Account' is clicked on

2023-05-17 11:35:04 - [MESSAGE][PASSED] - Object: 'Object Repository/Page_Connect2Clinic/div_My Account' is clicked on

2023-05-17 11:35:04 - [TEST_STEP][PASSED] - click(findTestObject("Object Repository/Page_Connect2Clinic/a_Logout")): Object: 'Object Repository/Page_Connect2Clinic/a_Logout' is clicked on

2023-05-17 11:35:09 - [MESSAGE][PASSED] - Object: 'Object Repository/Page_Connect2Clinic/a_Logout' is clicked on

2023-05-17 11:35:09 - [TEST_STEP][PASSED] - closeBrowser(): Browser is closed

2023-05-17 11:35:12 - [MESSAGE][PASSED] - Browser is closed]]></system-out>
         <system-err><![CDATA[]]></system-err>
      </testcase>
      <system-out><![CDATA[2023-05-17 11:31:09 - [TEST_SUITE][PASSED] - C2C_TS1: Test Cases/Reschedule 2 - Demo]]></system-out>
      <system-err><![CDATA[]]></system-err>
   </testsuite>
</testsuites>
