<?xml version="1.0" encoding="UTF-8"?>
<testsuites name="C2C_TS1" time="215.241" tests="6" failures="0" errors="0">
   <testsuite name="C2C_TS1" tests="6" failures="0" errors="0" time="215.241" skipped="0" timestamp="2023-05-17 17:46:25" hostname="ThalluruSaiteja - DESKTOP-F8C937H" id="Test Suites/C2C_TS1">
      <properties>
         <property name="deviceName" value=""/>
         <property name="devicePlatform" value=""/>
         <property name="logFolder" value="C:\\Users\\ThalluruSaiteja\\Katalon Studio\\Connect2Clinic\\Reports\\20230517_174622\\C2C_TS1\\20230517_174622"/>
         <property name="logFiles" value="C:\\Users\\ThalluruSaiteja\\Katalon Studio\\Connect2Clinic\\Reports\\20230517_174622\\C2C_TS1\\20230517_174622\\execution0.log"/>
         <property name="attachments" value="C:\\Users\\ThalluruSaiteja\\Katalon Studio\\Connect2Clinic\\Reports\\20230517_174622\\C2C_TS1\\20230517_174622\\1684325811499.png, C:\\Users\\ThalluruSaiteja\\Katalon Studio\\Connect2Clinic\\Reports\\20230517_174622\\C2C_TS1\\20230517_174622\\1684325819613.png, C:\\Users\\ThalluruSaiteja\\Katalon Studio\\Connect2Clinic\\Reports\\20230517_174622\\C2C_TS1\\20230517_174622\\1684325824386.png"/>
         <property name="hostName" value="ThalluruSaiteja - DESKTOP-F8C937H"/>
         <property name="os" value="Windows 10 64bit"/>
         <property name="katalonVersion" value="8.5.5.208"/>
         <property name="browser" value="Chrome 113.0.0.0"/>
         <property name="hostAddress" value="192.168.1.4"/>
         <property name="sessionId" value="fead3f22e4764e68782dd27b18d6f70a"/>
         <property name="seleniumVersion" value="3.141.59"/>
         <property name="proxyInformation" value="ProxyInformation { proxyOption=NO_PROXY, proxyServerType=HTTP, username=, password=********, proxyServerAddress=, proxyServerPort=0, executionList=&quot;&quot;, isApplyToDesiredCapabilities=true }"/>
         <property name="platform" value="Windows 10"/>
      </properties>
      <testcase name="Test Cases/Login - Demo" time="39.317" classname="Test Cases/Login - Demo" status="PASSED">
         <system-out><![CDATA[2023-05-17 17:46:26 - [TEST_CASE][PASSED] - Test Cases/Login - Demo: Test Cases/Login - Demo

2023-05-17 17:46:26 - [TEST_STEP][PASSED] - openBrowser(""): Browser is opened with url: ''

2023-05-17 17:46:27 - [MESSAGE][INFO] - Starting 'Chrome' driver

2023-05-17 17:46:27 - [MESSAGE][INFO] - Action delay is set to 0 milliseconds

2023-05-17 17:46:29 - [MESSAGE][PASSED] - Browser is opened with url: ''

2023-05-17 17:46:29 - [TEST_STEP][PASSED] - navigateToUrl("https://qa.c2cassets.com/doctor/login"): Navigate to 'https://qa.c2cassets.com/doctor/login' successfully

2023-05-17 17:46:51 - [MESSAGE][PASSED] - Navigate to 'https://qa.c2cassets.com/doctor/login' successfully

2023-05-17 17:46:51 - [TEST_STEP][PASSED] - takeScreenshot(): Taking screenshot successfully

2023-05-17 17:46:51 - [MESSAGE][PASSED] - Taking screenshot successfully
[[ATTACHMENT|C:\\Users\\ThalluruSaiteja\\Katalon Studio\\Connect2Clinic\\Reports\\20230517_174622\\C2C_TS1\\20230517_174622\\1684325811499.png]]

2023-05-17 17:46:51 - [TEST_STEP][PASSED] - setText(findTestObject("Object Repository/Page_Connect2Clinic/input_Login to Virtual Clinic_OTP-input"), "8072536860"): Text '8072536860' is set on object 'Object Repository/Page_Connect2Clinic/input_Login to Virtual Clinic_OTP-input'

2023-05-17 17:46:52 - [MESSAGE][PASSED] - Text '8072536860' is set on object 'Object Repository/Page_Connect2Clinic/input_Login to Virtual Clinic_OTP-input'

2023-05-17 17:46:52 - [TEST_STEP][PASSED] - click(findTestObject("Object Repository/Page_Connect2Clinic/button_Continue")): Object: 'Object Repository/Page_Connect2Clinic/button_Continue' is clicked on

2023-05-17 17:46:53 - [MESSAGE][PASSED] - Object: 'Object Repository/Page_Connect2Clinic/button_Continue' is clicked on

2023-05-17 17:46:53 - [TEST_STEP][PASSED] - setEncryptedText(findTestObject("Object Repository/Page_Connect2Clinic/input_Edit_password-input"), "aeHFOx8jV/A="): Text ****** has been set on object 'Object Repository/Page_Connect2Clinic/input_Edit_password-input'

2023-05-17 17:46:54 - [MESSAGE][PASSED] - Text ****** has been set on object 'Object Repository/Page_Connect2Clinic/input_Edit_password-input'

2023-05-17 17:46:54 - [TEST_STEP][PASSED] - click(findTestObject("Object Repository/Page_Connect2Clinic/button_Login")): Object: 'Object Repository/Page_Connect2Clinic/button_Login' is clicked on

2023-05-17 17:46:55 - [MESSAGE][PASSED] - Object: 'Object Repository/Page_Connect2Clinic/button_Login' is clicked on

2023-05-17 17:46:55 - [TEST_STEP][PASSED] - click(findTestObject("Object Repository/Page_Connect2Clinic/button_No")): Object: 'Object Repository/Page_Connect2Clinic/button_No' is clicked on

2023-05-17 17:46:58 - [MESSAGE][PASSED] - Object: 'Object Repository/Page_Connect2Clinic/button_No' is clicked on

2023-05-17 17:46:58 - [TEST_STEP][PASSED] - takeScreenshot(): Taking screenshot successfully

2023-05-17 17:46:59 - [MESSAGE][PASSED] - Taking screenshot successfully
[[ATTACHMENT|C:\\Users\\ThalluruSaiteja\\Katalon Studio\\Connect2Clinic\\Reports\\20230517_174622\\C2C_TS1\\20230517_174622\\1684325819613.png]]

2023-05-17 17:46:59 - [TEST_STEP][PASSED] - verifyElementVisible(findTestObject("Object Repository/Page_Connect2Clinic/p_Dr.Rakshana V")): Object 'Object Repository/Page_Connect2Clinic/p_Dr.Rakshana V' is visible

2023-05-17 17:47:00 - [MESSAGE][PASSED] - Object 'Object Repository/Page_Connect2Clinic/p_Dr.Rakshana V' is visible

2023-05-17 17:47:00 - [TEST_STEP][PASSED] - verifyElementVisible(findTestObject("Object Repository/Page_Connect2Clinic/span_Bangalore Clinic")): Object 'Object Repository/Page_Connect2Clinic/span_Bangalore Clinic' is visible

2023-05-17 17:47:00 - [MESSAGE][PASSED] - Object 'Object Repository/Page_Connect2Clinic/span_Bangalore Clinic' is visible

2023-05-17 17:47:00 - [TEST_STEP][PASSED] - click(findTestObject("Object Repository/Page_Connect2Clinic/svg_Delhi_MuiSvgIcon-root doctor-info-home-icon")): Object: 'Object Repository/Page_Connect2Clinic/svg_Delhi_MuiSvgIcon-root doctor-info-home-icon' is clicked on

2023-05-17 17:47:01 - [MESSAGE][PASSED] - Object: 'Object Repository/Page_Connect2Clinic/svg_Delhi_MuiSvgIcon-root doctor-info-home-icon' is clicked on

2023-05-17 17:47:01 - [TEST_STEP][PASSED] - click(findTestObject("Object Repository/Page_Connect2Clinic/div_My Account")): Object: 'Object Repository/Page_Connect2Clinic/div_My Account' is clicked on

2023-05-17 17:47:01 - [MESSAGE][PASSED] - Object: 'Object Repository/Page_Connect2Clinic/div_My Account' is clicked on

2023-05-17 17:47:01 - [TEST_STEP][PASSED] - click(findTestObject("Object Repository/Page_Connect2Clinic/a_Logout")): Object: 'Object Repository/Page_Connect2Clinic/a_Logout' is clicked on

2023-05-17 17:47:04 - [MESSAGE][PASSED] - Object: 'Object Repository/Page_Connect2Clinic/a_Logout' is clicked on

2023-05-17 17:47:04 - [TEST_STEP][PASSED] - takeScreenshot(): Taking screenshot successfully

2023-05-17 17:47:04 - [MESSAGE][PASSED] - Taking screenshot successfully
[[ATTACHMENT|C:\\Users\\ThalluruSaiteja\\Katalon Studio\\Connect2Clinic\\Reports\\20230517_174622\\C2C_TS1\\20230517_174622\\1684325824386.png]]

2023-05-17 17:47:04 - [TEST_STEP][PASSED] - closeBrowser(): Browser is closed

2023-05-17 17:47:05 - [MESSAGE][PASSED] - Browser is closed]]></system-out>
         <system-err><![CDATA[]]></system-err>
      </testcase>
      <testcase name="Test Cases/Book Appointment - Demo" time="34.672" classname="Test Cases/Book Appointment - Demo" status="PASSED">
         <system-out><![CDATA[2023-05-17 17:47:05 - [TEST_CASE][PASSED] - Test Cases/Book Appointment - Demo: Test Cases/Book Appointment - Demo

2023-05-17 17:47:05 - [TEST_STEP][PASSED] - openBrowser(""): Browser is opened with url: ''

2023-05-17 17:47:05 - [MESSAGE][INFO] - Starting 'Chrome' driver

2023-05-17 17:47:05 - [MESSAGE][INFO] - Action delay is set to 0 milliseconds

2023-05-17 17:47:07 - [MESSAGE][PASSED] - Browser is opened with url: ''

2023-05-17 17:47:07 - [TEST_STEP][PASSED] - maximizeWindow(): Current window maximized

2023-05-17 17:47:07 - [MESSAGE][PASSED] - Current window maximized

2023-05-17 17:47:07 - [TEST_STEP][PASSED] - navigateToUrl("https://qa.c2cassets.com/doctor/login"): Navigate to 'https://qa.c2cassets.com/doctor/login' successfully

2023-05-17 17:47:11 - [MESSAGE][PASSED] - Navigate to 'https://qa.c2cassets.com/doctor/login' successfully

2023-05-17 17:47:11 - [TEST_STEP][PASSED] - setText(findTestObject("Object Repository/Page_Connect2Clinic/input_Login to Virtual Clinic_OTP-input"), "8072536860"): Text '8072536860' is set on object 'Object Repository/Page_Connect2Clinic/input_Login to Virtual Clinic_OTP-input'

2023-05-17 17:47:12 - [MESSAGE][PASSED] - Text '8072536860' is set on object 'Object Repository/Page_Connect2Clinic/input_Login to Virtual Clinic_OTP-input'

2023-05-17 17:47:12 - [TEST_STEP][PASSED] - click(findTestObject("Object Repository/Page_Connect2Clinic/button_Continue")): Object: 'Object Repository/Page_Connect2Clinic/button_Continue' is clicked on

2023-05-17 17:47:12 - [MESSAGE][PASSED] - Object: 'Object Repository/Page_Connect2Clinic/button_Continue' is clicked on

2023-05-17 17:47:12 - [TEST_STEP][PASSED] - setEncryptedText(findTestObject("Object Repository/Page_Connect2Clinic/input_Edit_password-input"), "aeHFOx8jV/A="): Text ****** has been set on object 'Object Repository/Page_Connect2Clinic/input_Edit_password-input'

2023-05-17 17:47:13 - [MESSAGE][PASSED] - Text ****** has been set on object 'Object Repository/Page_Connect2Clinic/input_Edit_password-input'

2023-05-17 17:47:13 - [TEST_STEP][PASSED] - click(findTestObject("Object Repository/Page_Connect2Clinic/button_Login")): Object: 'Object Repository/Page_Connect2Clinic/button_Login' is clicked on

2023-05-17 17:47:14 - [MESSAGE][PASSED] - Object: 'Object Repository/Page_Connect2Clinic/button_Login' is clicked on

2023-05-17 17:47:14 - [TEST_STEP][PASSED] - click(findTestObject("Object Repository/Page_Connect2Clinic/button_No")): Object: 'Object Repository/Page_Connect2Clinic/button_No' is clicked on

2023-05-17 17:47:17 - [MESSAGE][PASSED] - Object: 'Object Repository/Page_Connect2Clinic/button_No' is clicked on

2023-05-17 17:47:17 - [TEST_STEP][PASSED] - click(findTestObject("Object Repository/Page_Connect2Clinic/button_Book Appointment")): Object: 'Object Repository/Page_Connect2Clinic/button_Book Appointment' is clicked on

2023-05-17 17:47:18 - [MESSAGE][PASSED] - Object: 'Object Repository/Page_Connect2Clinic/button_Book Appointment' is clicked on

2023-05-17 17:47:18 - [TEST_STEP][PASSED] - click(findTestObject("Object Repository/Page_Connect2Clinic/p_In-Clinic Consultation")): Object: 'Object Repository/Page_Connect2Clinic/p_In-Clinic Consultation' is clicked on

2023-05-17 17:47:19 - [MESSAGE][PASSED] - Object: 'Object Repository/Page_Connect2Clinic/p_In-Clinic Consultation' is clicked on

2023-05-17 17:47:19 - [TEST_STEP][PASSED] - delay(5): Delayed 5 second(s)

2023-05-17 17:47:24 - [MESSAGE][PASSED] - Delayed 5 second(s)

2023-05-17 17:47:24 - [TEST_STEP][PASSED] - scrollToPosition(0, 0): Browser is scrolled to position x = 0, y = 0

2023-05-17 17:47:24 - [MESSAGE][PASSED] - Browser is scrolled to position x = 0, y = 0

2023-05-17 17:47:24 - [TEST_STEP][PASSED] - setText(findTestObject("Object Repository/Page_Connect2Clinic/input_Mobile Number_patient_no"), "8919396555"): Text '8919396555' is set on object 'Object Repository/Page_Connect2Clinic/input_Mobile Number_patient_no'

2023-05-17 17:47:25 - [MESSAGE][PASSED] - Text '8919396555' is set on object 'Object Repository/Page_Connect2Clinic/input_Mobile Number_patient_no'

2023-05-17 17:47:25 - [TEST_STEP][PASSED] - delay(3): Delayed 3 second(s)

2023-05-17 17:47:28 - [MESSAGE][PASSED] - Delayed 3 second(s)

2023-05-17 17:47:28 - [TEST_STEP][PASSED] - click(findTestObject("Object Repository/Page_Connect2Clinic/h5_Sai")): Object: 'Object Repository/Page_Connect2Clinic/h5_Sai' is clicked on

2023-05-17 17:47:29 - [MESSAGE][PASSED] - Object: 'Object Repository/Page_Connect2Clinic/h5_Sai' is clicked on

2023-05-17 17:47:29 - [TEST_STEP][PASSED] - scrollToPosition(9999999, 9999999): Browser is scrolled to position x = 9999999, y = 9999999

2023-05-17 17:47:29 - [MESSAGE][PASSED] - Browser is scrolled to position x = 9999999, y = 9999999

2023-05-17 17:47:29 - [TEST_STEP][PASSED] - click(findTestObject("Object Repository/test/Page_Connect2Clinic/div_Save  Continue")): Object: 'Object Repository/test/Page_Connect2Clinic/div_Save  Continue' is clicked on

2023-05-17 17:47:30 - [MESSAGE][PASSED] - Object: 'Object Repository/test/Page_Connect2Clinic/div_Save  Continue' is clicked on

2023-05-17 17:47:30 - [TEST_STEP][PASSED] - click(findTestObject("Object Repository/Page_Connect2Clinic/button_Pay at Clinic")): Object: 'Object Repository/Page_Connect2Clinic/button_Pay at Clinic' is clicked on

2023-05-17 17:47:32 - [MESSAGE][PASSED] - Object: 'Object Repository/Page_Connect2Clinic/button_Pay at Clinic' is clicked on

2023-05-17 17:47:32 - [TEST_STEP][PASSED] - click(findTestObject("Object Repository/Page_Connect2Clinic/button_Proceed")): Object: 'Object Repository/Page_Connect2Clinic/button_Proceed' is clicked on

2023-05-17 17:47:32 - [MESSAGE][PASSED] - Object: 'Object Repository/Page_Connect2Clinic/button_Proceed' is clicked on

2023-05-17 17:47:32 - [TEST_STEP][PASSED] - delay(5): Delayed 5 second(s)

2023-05-17 17:47:37 - [MESSAGE][PASSED] - Delayed 5 second(s)

2023-05-17 17:47:37 - [TEST_STEP][PASSED] - click(findTestObject("Object Repository/Test6 book appointment close button/Page_Connect2Clinic/img_In-Clinic Consultation_close-img")): Object: 'Object Repository/Test6 book appointment close button/Page_Connect2Clinic/img_In-Clinic Consultation_close-img' is clicked on

2023-05-17 17:47:39 - [MESSAGE][PASSED] - Object: 'Object Repository/Test6 book appointment close button/Page_Connect2Clinic/img_In-Clinic Consultation_close-img' is clicked on

2023-05-17 17:47:39 - [TEST_STEP][PASSED] - closeBrowser(): Browser is closed

2023-05-17 17:47:40 - [MESSAGE][PASSED] - Browser is closed]]></system-out>
         <system-err><![CDATA[]]></system-err>
      </testcase>
      <testcase name="Test Cases/Cancel Appointment - Demo" time="33.664" classname="Test Cases/Cancel Appointment - Demo" status="PASSED">
         <system-out><![CDATA[2023-05-17 17:47:40 - [TEST_CASE][PASSED] - Test Cases/Cancel Appointment - Demo: Test Cases/Cancel Appointment - Demo

2023-05-17 17:47:40 - [TEST_STEP][PASSED] - openBrowser(""): Browser is opened with url: ''

2023-05-17 17:47:40 - [MESSAGE][INFO] - Starting 'Chrome' driver

2023-05-17 17:47:40 - [MESSAGE][INFO] - Action delay is set to 0 milliseconds

2023-05-17 17:47:41 - [MESSAGE][PASSED] - Browser is opened with url: ''

2023-05-17 17:47:41 - [TEST_STEP][PASSED] - maximizeWindow(): Current window maximized

2023-05-17 17:47:42 - [MESSAGE][PASSED] - Current window maximized

2023-05-17 17:47:42 - [TEST_STEP][PASSED] - navigateToUrl("https://qa.c2cassets.com/doctor/login"): Navigate to 'https://qa.c2cassets.com/doctor/login' successfully

2023-05-17 17:47:46 - [MESSAGE][PASSED] - Navigate to 'https://qa.c2cassets.com/doctor/login' successfully

2023-05-17 17:47:46 - [TEST_STEP][PASSED] - click(findTestObject("Object Repository/Page_Connect2Clinic/input_Login to Virtual Clinic_OTP-input")): Object: 'Object Repository/Page_Connect2Clinic/input_Login to Virtual Clinic_OTP-input' is clicked on

2023-05-17 17:47:46 - [MESSAGE][PASSED] - Object: 'Object Repository/Page_Connect2Clinic/input_Login to Virtual Clinic_OTP-input' is clicked on

2023-05-17 17:47:46 - [TEST_STEP][PASSED] - setText(findTestObject("Object Repository/Page_Connect2Clinic/input_Login to Virtual Clinic_OTP-input"), "8072536860"): Text '8072536860' is set on object 'Object Repository/Page_Connect2Clinic/input_Login to Virtual Clinic_OTP-input'

2023-05-17 17:47:47 - [MESSAGE][PASSED] - Text '8072536860' is set on object 'Object Repository/Page_Connect2Clinic/input_Login to Virtual Clinic_OTP-input'

2023-05-17 17:47:47 - [TEST_STEP][PASSED] - click(findTestObject("Object Repository/Page_Connect2Clinic/button_Continue")): Object: 'Object Repository/Page_Connect2Clinic/button_Continue' is clicked on

2023-05-17 17:47:47 - [MESSAGE][PASSED] - Object: 'Object Repository/Page_Connect2Clinic/button_Continue' is clicked on

2023-05-17 17:47:47 - [TEST_STEP][PASSED] - setEncryptedText(findTestObject("Object Repository/Page_Connect2Clinic/input_Edit_password-input"), "aeHFOx8jV/A="): Text ****** has been set on object 'Object Repository/Page_Connect2Clinic/input_Edit_password-input'

2023-05-17 17:47:49 - [MESSAGE][PASSED] - Text ****** has been set on object 'Object Repository/Page_Connect2Clinic/input_Edit_password-input'

2023-05-17 17:47:49 - [TEST_STEP][PASSED] - click(findTestObject("Object Repository/Page_Connect2Clinic/button_Login")): Object: 'Object Repository/Page_Connect2Clinic/button_Login' is clicked on

2023-05-17 17:47:49 - [MESSAGE][PASSED] - Object: 'Object Repository/Page_Connect2Clinic/button_Login' is clicked on

2023-05-17 17:47:49 - [TEST_STEP][PASSED] - click(findTestObject("Object Repository/Page_Connect2Clinic/button_No")): Object: 'Object Repository/Page_Connect2Clinic/button_No' is clicked on

2023-05-17 17:47:52 - [MESSAGE][PASSED] - Object: 'Object Repository/Page_Connect2Clinic/button_No' is clicked on

2023-05-17 17:47:52 - [TEST_STEP][PASSED] - click(findTestObject("Object Repository/Page_Connect2Clinic/div_9")): Object: 'Object Repository/Page_Connect2Clinic/div_9' is clicked on

2023-05-17 17:47:53 - [MESSAGE][PASSED] - Object: 'Object Repository/Page_Connect2Clinic/div_9' is clicked on

2023-05-17 17:47:53 - [TEST_STEP][PASSED] - click(findTestObject("Object Repository/Page_Connect2Clinic/svg_May 17, 2023_MuiSvgIcon-root")): Object: 'Object Repository/Page_Connect2Clinic/svg_May 17, 2023_MuiSvgIcon-root' is clicked on

2023-05-17 17:47:54 - [MESSAGE][PASSED] - Object: 'Object Repository/Page_Connect2Clinic/svg_May 17, 2023_MuiSvgIcon-root' is clicked on

2023-05-17 17:47:54 - [TEST_STEP][PASSED] - click(findTestObject("Object Repository/Page_Connect2Clinic/div_Cancel")): Object: 'Object Repository/Page_Connect2Clinic/div_Cancel' is clicked on

2023-05-17 17:47:54 - [MESSAGE][PASSED] - Object: 'Object Repository/Page_Connect2Clinic/div_Cancel' is clicked on

2023-05-17 17:47:54 - [TEST_STEP][PASSED] - click(findTestObject("Object Repository/Page_Connect2Clinic/div_Cancellation Reason")): Object: 'Object Repository/Page_Connect2Clinic/div_Cancellation Reason' is clicked on

2023-05-17 17:47:59 - [MESSAGE][PASSED] - Object: 'Object Repository/Page_Connect2Clinic/div_Cancellation Reason' is clicked on

2023-05-17 17:47:59 - [TEST_STEP][PASSED] - click(findTestObject("Object Repository/Page_Connect2Clinic/div_Patient requested to Reschedule")): Object: 'Object Repository/Page_Connect2Clinic/div_Patient requested to Reschedule' is clicked on

2023-05-17 17:47:59 - [MESSAGE][PASSED] - Object: 'Object Repository/Page_Connect2Clinic/div_Patient requested to Reschedule' is clicked on

2023-05-17 17:47:59 - [TEST_STEP][PASSED] - click(findTestObject("Object Repository/Page_Connect2Clinic/div_Yes")): Object: 'Object Repository/Page_Connect2Clinic/div_Yes' is clicked on

2023-05-17 17:48:00 - [MESSAGE][PASSED] - Object: 'Object Repository/Page_Connect2Clinic/div_Yes' is clicked on

2023-05-17 17:48:00 - [TEST_STEP][PASSED] - delay(3): Delayed 3 second(s)

2023-05-17 17:48:03 - [MESSAGE][PASSED] - Delayed 3 second(s)

2023-05-17 17:48:03 - [TEST_STEP][PASSED] - click(findTestObject("Object Repository/Page_Connect2Clinic/div_Okay")): Object: 'Object Repository/Page_Connect2Clinic/div_Okay' is clicked on

2023-05-17 17:48:08 - [MESSAGE][PASSED] - Object: 'Object Repository/Page_Connect2Clinic/div_Okay' is clicked on

2023-05-17 17:48:08 - [TEST_STEP][PASSED] - click(findTestObject("Object Repository/Page_Connect2Clinic/svg_Delhi_MuiSvgIcon-root doctor-info-home-icon")): Object: 'Object Repository/Page_Connect2Clinic/svg_Delhi_MuiSvgIcon-root doctor-info-home-icon' is clicked on

2023-05-17 17:48:10 - [MESSAGE][PASSED] - Object: 'Object Repository/Page_Connect2Clinic/svg_Delhi_MuiSvgIcon-root doctor-info-home-icon' is clicked on

2023-05-17 17:48:10 - [TEST_STEP][PASSED] - click(findTestObject("Object Repository/Page_Connect2Clinic/div_My Account")): Object: 'Object Repository/Page_Connect2Clinic/div_My Account' is clicked on

2023-05-17 17:48:11 - [MESSAGE][PASSED] - Object: 'Object Repository/Page_Connect2Clinic/div_My Account' is clicked on

2023-05-17 17:48:11 - [TEST_STEP][PASSED] - click(findTestObject("Object Repository/Page_Connect2Clinic/a_Logout")): Object: 'Object Repository/Page_Connect2Clinic/a_Logout' is clicked on

2023-05-17 17:48:13 - [MESSAGE][PASSED] - Object: 'Object Repository/Page_Connect2Clinic/a_Logout' is clicked on

2023-05-17 17:48:13 - [TEST_STEP][PASSED] - closeBrowser(): Browser is closed

2023-05-17 17:48:13 - [MESSAGE][PASSED] - Browser is closed]]></system-out>
         <system-err><![CDATA[]]></system-err>
      </testcase>
      <testcase name="Test Cases/Mark No show - Demo" time="32.462" classname="Test Cases/Mark No show - Demo" status="PASSED">
         <system-out><![CDATA[2023-05-17 17:48:13 - [TEST_CASE][PASSED] - Test Cases/Mark No show - Demo: Test Cases/Mark No show - Demo

2023-05-17 17:48:14 - [TEST_STEP][PASSED] - openBrowser(""): Browser is opened with url: ''

2023-05-17 17:48:14 - [MESSAGE][INFO] - Starting 'Chrome' driver

2023-05-17 17:48:14 - [MESSAGE][INFO] - Action delay is set to 0 milliseconds

2023-05-17 17:48:15 - [MESSAGE][PASSED] - Browser is opened with url: ''

2023-05-17 17:48:15 - [TEST_STEP][PASSED] - maximizeWindow(): Current window maximized

2023-05-17 17:48:15 - [MESSAGE][PASSED] - Current window maximized

2023-05-17 17:48:15 - [TEST_STEP][PASSED] - navigateToUrl("https://qa.c2cassets.com/doctor/login"): Navigate to 'https://qa.c2cassets.com/doctor/login' successfully

2023-05-17 17:48:22 - [MESSAGE][PASSED] - Navigate to 'https://qa.c2cassets.com/doctor/login' successfully

2023-05-17 17:48:22 - [TEST_STEP][PASSED] - setText(findTestObject("Object Repository/Page_Connect2Clinic/input_Login to Virtual Clinic_OTP-input"), "8072536860"): Text '8072536860' is set on object 'Object Repository/Page_Connect2Clinic/input_Login to Virtual Clinic_OTP-input'

2023-05-17 17:48:23 - [MESSAGE][PASSED] - Text '8072536860' is set on object 'Object Repository/Page_Connect2Clinic/input_Login to Virtual Clinic_OTP-input'

2023-05-17 17:48:23 - [TEST_STEP][PASSED] - click(findTestObject("Object Repository/Page_Connect2Clinic/button_Continue")): Object: 'Object Repository/Page_Connect2Clinic/button_Continue' is clicked on

2023-05-17 17:48:23 - [MESSAGE][PASSED] - Object: 'Object Repository/Page_Connect2Clinic/button_Continue' is clicked on

2023-05-17 17:48:23 - [TEST_STEP][PASSED] - setEncryptedText(findTestObject("Object Repository/Page_Connect2Clinic/input_Edit_password-input"), "aeHFOx8jV/A="): Text ****** has been set on object 'Object Repository/Page_Connect2Clinic/input_Edit_password-input'

2023-05-17 17:48:25 - [MESSAGE][PASSED] - Text ****** has been set on object 'Object Repository/Page_Connect2Clinic/input_Edit_password-input'

2023-05-17 17:48:25 - [TEST_STEP][PASSED] - click(findTestObject("Object Repository/Page_Connect2Clinic/button_Login")): Object: 'Object Repository/Page_Connect2Clinic/button_Login' is clicked on

2023-05-17 17:48:25 - [MESSAGE][PASSED] - Object: 'Object Repository/Page_Connect2Clinic/button_Login' is clicked on

2023-05-17 17:48:25 - [TEST_STEP][PASSED] - click(findTestObject("Object Repository/Page_Connect2Clinic/button_No")): Object: 'Object Repository/Page_Connect2Clinic/button_No' is clicked on

2023-05-17 17:48:30 - [MESSAGE][PASSED] - Object: 'Object Repository/Page_Connect2Clinic/button_No' is clicked on

2023-05-17 17:48:30 - [TEST_STEP][PASSED] - click(findTestObject("Object Repository/Page_Connect2Clinic/div_6")): Object: 'Object Repository/Page_Connect2Clinic/div_6' is clicked on

2023-05-17 17:48:31 - [MESSAGE][PASSED] - Object: 'Object Repository/Page_Connect2Clinic/div_6' is clicked on

2023-05-17 17:48:31 - [TEST_STEP][PASSED] - click(findTestObject("Object Repository/Page_Connect2Clinic/svg_May 17, 2023_MuiSvgIcon-root")): Object: 'Object Repository/Page_Connect2Clinic/svg_May 17, 2023_MuiSvgIcon-root' is clicked on

2023-05-17 17:48:32 - [MESSAGE][PASSED] - Object: 'Object Repository/Page_Connect2Clinic/svg_May 17, 2023_MuiSvgIcon-root' is clicked on

2023-05-17 17:48:32 - [TEST_STEP][PASSED] - click(findTestObject("Object Repository/Page_Connect2Clinic/div_Mark No Show")): Object: 'Object Repository/Page_Connect2Clinic/div_Mark No Show' is clicked on

2023-05-17 17:48:32 - [MESSAGE][PASSED] - Object: 'Object Repository/Page_Connect2Clinic/div_Mark No Show' is clicked on

2023-05-17 17:48:32 - [TEST_STEP][PASSED] - click(findTestObject("Object Repository/Page_Connect2Clinic/button_Confirm")): Object: 'Object Repository/Page_Connect2Clinic/button_Confirm' is clicked on

2023-05-17 17:48:33 - [MESSAGE][PASSED] - Object: 'Object Repository/Page_Connect2Clinic/button_Confirm' is clicked on

2023-05-17 17:48:33 - [TEST_STEP][PASSED] - click(findTestObject("Object Repository/Page_Connect2Clinic/button_OK")): Object: 'Object Repository/Page_Connect2Clinic/button_OK' is clicked on

2023-05-17 17:48:39 - [MESSAGE][PASSED] - Object: 'Object Repository/Page_Connect2Clinic/button_OK' is clicked on

2023-05-17 17:48:39 - [TEST_STEP][PASSED] - click(findTestObject("Object Repository/Page_Connect2Clinic/svg_Delhi_MuiSvgIcon-root doctor-info-home-icon")): Object: 'Object Repository/Page_Connect2Clinic/svg_Delhi_MuiSvgIcon-root doctor-info-home-icon' is clicked on

2023-05-17 17:48:40 - [MESSAGE][PASSED] - Object: 'Object Repository/Page_Connect2Clinic/svg_Delhi_MuiSvgIcon-root doctor-info-home-icon' is clicked on

2023-05-17 17:48:40 - [TEST_STEP][PASSED] - click(findTestObject("Object Repository/Page_Connect2Clinic/div_My Account")): Object: 'Object Repository/Page_Connect2Clinic/div_My Account' is clicked on

2023-05-17 17:48:41 - [MESSAGE][PASSED] - Object: 'Object Repository/Page_Connect2Clinic/div_My Account' is clicked on

2023-05-17 17:48:41 - [TEST_STEP][PASSED] - click(findTestObject("Object Repository/Page_Connect2Clinic/a_Logout")): Object: 'Object Repository/Page_Connect2Clinic/a_Logout' is clicked on

2023-05-17 17:48:45 - [MESSAGE][PASSED] - Object: 'Object Repository/Page_Connect2Clinic/a_Logout' is clicked on

2023-05-17 17:48:45 - [TEST_STEP][PASSED] - closeBrowser(): Browser is closed

2023-05-17 17:48:46 - [MESSAGE][PASSED] - Browser is closed]]></system-out>
         <system-err><![CDATA[]]></system-err>
      </testcase>
      <testcase name="Test Cases/Reschedule - Demo" time="35.82" classname="Test Cases/Reschedule - Demo" status="PASSED">
         <system-out><![CDATA[2023-05-17 17:48:46 - [TEST_CASE][PASSED] - Test Cases/Reschedule - Demo: Test Cases/Reschedule - Demo

2023-05-17 17:48:47 - [TEST_STEP][PASSED] - openBrowser(""): Browser is opened with url: ''

2023-05-17 17:48:47 - [MESSAGE][INFO] - Starting 'Chrome' driver

2023-05-17 17:48:47 - [MESSAGE][INFO] - Action delay is set to 0 milliseconds

2023-05-17 17:48:49 - [MESSAGE][PASSED] - Browser is opened with url: ''

2023-05-17 17:48:49 - [TEST_STEP][PASSED] - maximizeWindow(): Current window maximized

2023-05-17 17:48:49 - [MESSAGE][PASSED] - Current window maximized

2023-05-17 17:48:49 - [TEST_STEP][PASSED] - navigateToUrl("https://qa.c2cassets.com/doctor/login"): Navigate to 'https://qa.c2cassets.com/doctor/login' successfully

2023-05-17 17:48:57 - [MESSAGE][PASSED] - Navigate to 'https://qa.c2cassets.com/doctor/login' successfully

2023-05-17 17:48:57 - [TEST_STEP][PASSED] - setText(findTestObject("Object Repository/Page_Connect2Clinic/input_Login to Virtual Clinic_OTP-input"), "8072536860"): Text '8072536860' is set on object 'Object Repository/Page_Connect2Clinic/input_Login to Virtual Clinic_OTP-input'

2023-05-17 17:48:58 - [MESSAGE][PASSED] - Text '8072536860' is set on object 'Object Repository/Page_Connect2Clinic/input_Login to Virtual Clinic_OTP-input'

2023-05-17 17:48:58 - [TEST_STEP][PASSED] - click(findTestObject("Object Repository/Page_Connect2Clinic/button_Continue")): Object: 'Object Repository/Page_Connect2Clinic/button_Continue' is clicked on

2023-05-17 17:48:59 - [MESSAGE][PASSED] - Object: 'Object Repository/Page_Connect2Clinic/button_Continue' is clicked on

2023-05-17 17:48:59 - [TEST_STEP][PASSED] - setEncryptedText(findTestObject("Object Repository/Page_Connect2Clinic/input_Edit_password-input"), "aeHFOx8jV/A="): Text ****** has been set on object 'Object Repository/Page_Connect2Clinic/input_Edit_password-input'

2023-05-17 17:49:00 - [MESSAGE][PASSED] - Text ****** has been set on object 'Object Repository/Page_Connect2Clinic/input_Edit_password-input'

2023-05-17 17:49:00 - [TEST_STEP][PASSED] - click(findTestObject("Object Repository/Page_Connect2Clinic/button_Login")): Object: 'Object Repository/Page_Connect2Clinic/button_Login' is clicked on

2023-05-17 17:49:01 - [MESSAGE][PASSED] - Object: 'Object Repository/Page_Connect2Clinic/button_Login' is clicked on

2023-05-17 17:49:01 - [TEST_STEP][PASSED] - click(findTestObject("Object Repository/Page_Connect2Clinic/button_No")): Object: 'Object Repository/Page_Connect2Clinic/button_No' is clicked on

2023-05-17 17:49:05 - [MESSAGE][PASSED] - Object: 'Object Repository/Page_Connect2Clinic/button_No' is clicked on

2023-05-17 17:49:05 - [TEST_STEP][PASSED] - click(findTestObject("Object Repository/Page_Connect2Clinic/div_5")): Object: 'Object Repository/Page_Connect2Clinic/div_5' is clicked on

2023-05-17 17:49:06 - [MESSAGE][PASSED] - Object: 'Object Repository/Page_Connect2Clinic/div_5' is clicked on

2023-05-17 17:49:06 - [TEST_STEP][PASSED] - click(findTestObject("Object Repository/Page_Connect2Clinic/svg_May 17, 2023_MuiSvgIcon-root")): Object: 'Object Repository/Page_Connect2Clinic/svg_May 17, 2023_MuiSvgIcon-root' is clicked on

2023-05-17 17:49:07 - [MESSAGE][PASSED] - Object: 'Object Repository/Page_Connect2Clinic/svg_May 17, 2023_MuiSvgIcon-root' is clicked on

2023-05-17 17:49:07 - [TEST_STEP][PASSED] - click(findTestObject("Object Repository/Page_Connect2Clinic/span_Reschedule")): Object: 'Object Repository/Page_Connect2Clinic/span_Reschedule' is clicked on

2023-05-17 17:49:07 - [MESSAGE][PASSED] - Object: 'Object Repository/Page_Connect2Clinic/span_Reschedule' is clicked on

2023-05-17 17:49:07 - [TEST_STEP][PASSED] - verifyElementVisible(findTestObject("Object Repository/Test7- Reschedule/Page_Connect2Clinic/div_Reschedule to next available slotResche_067b5f")): Object 'Object Repository/Test7- Reschedule/Page_Connect2Clinic/div_Reschedule to next available slotResche_067b5f' is visible

2023-05-17 17:49:11 - [MESSAGE][PASSED] - Object 'Object Repository/Test7- Reschedule/Page_Connect2Clinic/div_Reschedule to next available slotResche_067b5f' is visible

2023-05-17 17:49:11 - [TEST_STEP][PASSED] - click(findTestObject("Object Repository/Test7- Reschedule/Page_Connect2Clinic/button_Reschedule to next available slot")): Object: 'Object Repository/Test7- Reschedule/Page_Connect2Clinic/button_Reschedule to next available slot' is clicked on

2023-05-17 17:49:12 - [MESSAGE][PASSED] - Object: 'Object Repository/Test7- Reschedule/Page_Connect2Clinic/button_Reschedule to next available slot' is clicked on

2023-05-17 17:49:12 - [TEST_STEP][PASSED] - click(findTestObject("Object Repository/Test2-Reschedule/Page_Connect2Clinic/div_Appointment RescheduledYour appointment_ad6f80")): Object: 'Object Repository/Test2-Reschedule/Page_Connect2Clinic/div_Appointment RescheduledYour appointment_ad6f80' is clicked on

2023-05-17 17:49:14 - [MESSAGE][PASSED] - Object: 'Object Repository/Test2-Reschedule/Page_Connect2Clinic/div_Appointment RescheduledYour appointment_ad6f80' is clicked on

2023-05-17 17:49:14 - [TEST_STEP][PASSED] - click(findTestObject("Object Repository/Page_Connect2Clinic/svg_Delhi_MuiSvgIcon-root doctor-info-home-icon")): Object: 'Object Repository/Page_Connect2Clinic/svg_Delhi_MuiSvgIcon-root doctor-info-home-icon' is clicked on

2023-05-17 17:49:16 - [MESSAGE][PASSED] - Object: 'Object Repository/Page_Connect2Clinic/svg_Delhi_MuiSvgIcon-root doctor-info-home-icon' is clicked on

2023-05-17 17:49:16 - [TEST_STEP][PASSED] - click(findTestObject("Object Repository/Page_Connect2Clinic/div_My Account")): Object: 'Object Repository/Page_Connect2Clinic/div_My Account' is clicked on

2023-05-17 17:49:18 - [MESSAGE][PASSED] - Object: 'Object Repository/Page_Connect2Clinic/div_My Account' is clicked on

2023-05-17 17:49:18 - [TEST_STEP][PASSED] - click(findTestObject("Object Repository/Page_Connect2Clinic/a_Logout")): Object: 'Object Repository/Page_Connect2Clinic/a_Logout' is clicked on

2023-05-17 17:49:21 - [MESSAGE][PASSED] - Object: 'Object Repository/Page_Connect2Clinic/a_Logout' is clicked on

2023-05-17 17:49:21 - [TEST_STEP][PASSED] - closeBrowser(): Browser is closed

2023-05-17 17:49:22 - [MESSAGE][PASSED] - Browser is closed]]></system-out>
         <system-err><![CDATA[]]></system-err>
      </testcase>
      <testcase name="Test Cases/Reschedule 2 - Demo" time="38.87" classname="Test Cases/Reschedule 2 - Demo" status="PASSED">
         <system-out><![CDATA[2023-05-17 17:49:22 - [TEST_CASE][PASSED] - Test Cases/Reschedule 2 - Demo: Test Cases/Reschedule 2 - Demo

2023-05-17 17:49:23 - [TEST_STEP][PASSED] - openBrowser(""): Browser is opened with url: ''

2023-05-17 17:49:23 - [MESSAGE][INFO] - Starting 'Chrome' driver

2023-05-17 17:49:23 - [MESSAGE][INFO] - Action delay is set to 0 milliseconds

2023-05-17 17:49:25 - [MESSAGE][PASSED] - Browser is opened with url: ''

2023-05-17 17:49:25 - [TEST_STEP][PASSED] - maximizeWindow(): Current window maximized

2023-05-17 17:49:25 - [MESSAGE][PASSED] - Current window maximized

2023-05-17 17:49:25 - [TEST_STEP][PASSED] - navigateToUrl("https://qa.c2cassets.com/doctor/login"): Navigate to 'https://qa.c2cassets.com/doctor/login' successfully

2023-05-17 17:49:31 - [MESSAGE][PASSED] - Navigate to 'https://qa.c2cassets.com/doctor/login' successfully

2023-05-17 17:49:31 - [TEST_STEP][PASSED] - setText(findTestObject("Object Repository/Page_Connect2Clinic/input_Login to Virtual Clinic_OTP-input"), "8072536860"): Text '8072536860' is set on object 'Object Repository/Page_Connect2Clinic/input_Login to Virtual Clinic_OTP-input'

2023-05-17 17:49:32 - [MESSAGE][PASSED] - Text '8072536860' is set on object 'Object Repository/Page_Connect2Clinic/input_Login to Virtual Clinic_OTP-input'

2023-05-17 17:49:32 - [TEST_STEP][PASSED] - click(findTestObject("Object Repository/Page_Connect2Clinic/button_Continue")): Object: 'Object Repository/Page_Connect2Clinic/button_Continue' is clicked on

2023-05-17 17:49:33 - [MESSAGE][PASSED] - Object: 'Object Repository/Page_Connect2Clinic/button_Continue' is clicked on

2023-05-17 17:49:33 - [TEST_STEP][PASSED] - setEncryptedText(findTestObject("Object Repository/Page_Connect2Clinic/input_Edit_password-input"), "aeHFOx8jV/A="): Text ****** has been set on object 'Object Repository/Page_Connect2Clinic/input_Edit_password-input'

2023-05-17 17:49:34 - [MESSAGE][PASSED] - Text ****** has been set on object 'Object Repository/Page_Connect2Clinic/input_Edit_password-input'

2023-05-17 17:49:34 - [TEST_STEP][PASSED] - click(findTestObject("Object Repository/Page_Connect2Clinic/button_Login")): Object: 'Object Repository/Page_Connect2Clinic/button_Login' is clicked on

2023-05-17 17:49:35 - [MESSAGE][PASSED] - Object: 'Object Repository/Page_Connect2Clinic/button_Login' is clicked on

2023-05-17 17:49:35 - [TEST_STEP][PASSED] - click(findTestObject("Object Repository/Page_Connect2Clinic/button_No")): Object: 'Object Repository/Page_Connect2Clinic/button_No' is clicked on

2023-05-17 17:49:39 - [MESSAGE][PASSED] - Object: 'Object Repository/Page_Connect2Clinic/button_No' is clicked on

2023-05-17 17:49:39 - [TEST_STEP][PASSED] - click(findTestObject("Object Repository/Page_Connect2Clinic/div_6")): Object: 'Object Repository/Page_Connect2Clinic/div_6' is clicked on

2023-05-17 17:49:40 - [MESSAGE][PASSED] - Object: 'Object Repository/Page_Connect2Clinic/div_6' is clicked on

2023-05-17 17:49:40 - [TEST_STEP][PASSED] - click(findTestObject("Object Repository/Page_Connect2Clinic/svg_May 17, 2023_MuiSvgIcon-root")): Object: 'Object Repository/Page_Connect2Clinic/svg_May 17, 2023_MuiSvgIcon-root' is clicked on

2023-05-17 17:49:41 - [MESSAGE][PASSED] - Object: 'Object Repository/Page_Connect2Clinic/svg_May 17, 2023_MuiSvgIcon-root' is clicked on

2023-05-17 17:49:41 - [TEST_STEP][PASSED] - click(findTestObject("Object Repository/Page_Connect2Clinic/span_Reschedule")): Object: 'Object Repository/Page_Connect2Clinic/span_Reschedule' is clicked on

2023-05-17 17:49:42 - [MESSAGE][PASSED] - Object: 'Object Repository/Page_Connect2Clinic/span_Reschedule' is clicked on

2023-05-17 17:49:42 - [TEST_STEP][PASSED] - click(findTestObject("Object Repository/Page_Connect2Clinic/button_Reschedule to any other slot")): Object: 'Object Repository/Page_Connect2Clinic/button_Reschedule to any other slot' is clicked on

2023-05-17 17:49:44 - [MESSAGE][PASSED] - Object: 'Object Repository/Page_Connect2Clinic/button_Reschedule to any other slot' is clicked on

2023-05-17 17:49:44 - [TEST_STEP][PASSED] - verifyElementVisible(findTestObject("Page_Connect2Clinic/button_Book")): Object 'Object Repository/Page_Connect2Clinic/button_Book' is visible

2023-05-17 17:49:45 - [MESSAGE][PASSED] - Object 'Object Repository/Page_Connect2Clinic/button_Book' is visible

2023-05-17 17:49:45 - [TEST_STEP][PASSED] - delay(3): Delayed 3 second(s)

2023-05-17 17:49:48 - [MESSAGE][PASSED] - Delayed 3 second(s)

2023-05-17 17:49:48 - [TEST_STEP][PASSED] - click(findTestObject("Object Repository/Page_Connect2Clinic/button_Book")): Object: 'Object Repository/Page_Connect2Clinic/button_Book' is clicked on

2023-05-17 17:49:49 - [MESSAGE][PASSED] - Object: 'Object Repository/Page_Connect2Clinic/button_Book' is clicked on

2023-05-17 17:49:49 - [TEST_STEP][PASSED] - click(findTestObject("Object Repository/Test2-Reschedule/Page_Connect2Clinic/div_Appointment RescheduledYour appointment_ad6f80")): Object: 'Object Repository/Test2-Reschedule/Page_Connect2Clinic/div_Appointment RescheduledYour appointment_ad6f80' is clicked on

2023-05-17 17:49:54 - [MESSAGE][PASSED] - Object: 'Object Repository/Test2-Reschedule/Page_Connect2Clinic/div_Appointment RescheduledYour appointment_ad6f80' is clicked on

2023-05-17 17:49:54 - [TEST_STEP][PASSED] - click(findTestObject("Object Repository/Page_Connect2Clinic/svg_Delhi_MuiSvgIcon-root doctor-info-home-icon")): Object: 'Object Repository/Page_Connect2Clinic/svg_Delhi_MuiSvgIcon-root doctor-info-home-icon' is clicked on

2023-05-17 17:49:56 - [MESSAGE][PASSED] - Object: 'Object Repository/Page_Connect2Clinic/svg_Delhi_MuiSvgIcon-root doctor-info-home-icon' is clicked on

2023-05-17 17:49:56 - [TEST_STEP][PASSED] - click(findTestObject("Object Repository/Page_Connect2Clinic/div_My Account")): Object: 'Object Repository/Page_Connect2Clinic/div_My Account' is clicked on

2023-05-17 17:49:57 - [MESSAGE][PASSED] - Object: 'Object Repository/Page_Connect2Clinic/div_My Account' is clicked on

2023-05-17 17:49:57 - [TEST_STEP][PASSED] - click(findTestObject("Object Repository/Page_Connect2Clinic/a_Logout")): Object: 'Object Repository/Page_Connect2Clinic/a_Logout' is clicked on

2023-05-17 17:50:00 - [MESSAGE][PASSED] - Object: 'Object Repository/Page_Connect2Clinic/a_Logout' is clicked on

2023-05-17 17:50:00 - [TEST_STEP][PASSED] - closeBrowser(): Browser is closed

2023-05-17 17:50:01 - [MESSAGE][PASSED] - Browser is closed]]></system-out>
         <system-err><![CDATA[]]></system-err>
      </testcase>
      <system-out><![CDATA[2023-05-17 17:46:25 - [TEST_SUITE][PASSED] - C2C_TS1: Test Cases/Reschedule 2 - Demo]]></system-out>
      <system-err><![CDATA[]]></system-err>
   </testsuite>
</testsuites>
